2018-11-11 11:44:52,018 [ 297401]  ERROR - nsions.impl.ExtensionPointImpl - IntelliJ IDEA 2018.2.5  Build #IU-182.4892.20 
2018-11-11 11:44:52,018 [ 297401]  ERROR - nsions.impl.ExtensionPointImpl - JDK: 1.8.0_152-release 
2018-11-11 11:44:52,018 [ 297401]  ERROR - nsions.impl.ExtensionPointImpl - VM: OpenJDK 64-Bit Server VM 
2018-11-11 11:44:52,019 [ 297402]  ERROR - nsions.impl.ExtensionPointImpl - Vendor: JetBrains s.r.o 
2018-11-11 11:44:52,019 [ 297402]  ERROR - nsions.impl.ExtensionPointImpl - OS: Windows 10 
2018-11-11 11:44:52,328 [ 297711]   INFO - cloudConfig.CloudConfigManager - === Exit: JBA_NOT_FOUND === 
2018-11-11 11:44:52,631 [ 298014]   INFO - ellij.util.io.PagedFileStorage - lower=100; upper=500; buffer=10; max=705 
2018-11-11 11:44:52,767 [ 298150]   INFO - pl.local.NativeFileWatcherImpl - Starting file watcher: D:\DevOps\IDE\ideaIU-2018.1.4.win\bin\fsnotifier64.exe 
2018-11-11 11:44:52,885 [ 298268]   INFO - pl.local.NativeFileWatcherImpl - Native file watcher is operational. 
2018-11-11 11:44:54,711 [ 300094]   INFO - tellij.openapi.util.IconLoader - replace '/nodes/newFolder.png' with 'AllIcons.Nodes.Folder' 
2018-11-11 11:45:00,893 [ 306276]   INFO - com.intellij.ide.ui.UISettings - Loaded: fontSize=14, fontScale=1.0; restored: fontSize=14, fontScale=1.0 
2018-11-11 11:45:03,022 [ 308405]   INFO -     #com.intellij.util.ui.JBUI - User scale factor: 1.25 
2018-11-11 11:45:03,621 [ 309004]   INFO - til.net.ssl.CertificateManager - Default SSL context initialized 
2018-11-11 11:45:03,789 [ 309172]   INFO - rains.ide.BuiltInServerManager - built-in server started, port 63342 
2018-11-11 11:45:04,027 [ 309410]   INFO - gs.impl.UpdateCheckerComponent - channel: release 
2018-11-11 11:45:06,360 [ 311743]   INFO - j.ide.ui.OptionsTopHitProvider - 2851 ms spent to cache options in application 
2018-11-11 11:45:06,360 [ 311743]   INFO - .openapi.application.Preloader - com.intellij.ide.ui.OptionsTopHitProvider$Activity took 2852 ms 
2018-11-11 11:45:06,562 [ 311945]   INFO - il.indexing.FileBasedIndexImpl - Index exts enumerated:2310, number of extensions:80 
2018-11-11 11:45:07,470 [ 312853]   INFO - il.indexing.FileBasedIndexImpl - Index scheduled:908 
2018-11-11 11:45:08,382 [ 313765]   INFO - tellij.psi.stubs.StubIndexImpl - All stub exts enumerated:891, number of extensions:124 
2018-11-11 11:45:08,412 [ 313795]   INFO - tellij.psi.stubs.StubIndexImpl - stub exts update scheduled:29 
2018-11-11 11:45:19,763 [ 325146]   INFO - plication.impl.ApplicationImpl - 109 application components initialized in 47903ms 
2018-11-11 11:45:20,133 [ 325516]   INFO - .intellij.idea.IdeaApplication - App initialization took 338287 ms 
2018-11-11 11:45:21,505 [ 326888]   INFO - m.intellij.ui.mac.touchbar.NST - OS doesn't support touchbar, skip nst loading 
2018-11-11 11:45:22,341 [ 327724]   INFO - pl$FileIndexDataInitialization - Initialization done:14870 
2018-11-11 11:45:22,850 [ 328233]   INFO - exImpl$StubIndexInitialization - Initialization done:508 
2018-11-11 11:45:29,345 [ 334728]   INFO - com.intellij.ide.ui.UISettings - Loaded: fontSize=12, fontScale=1.0; restored: fontSize=12, fontScale=1.0 
2018-11-11 11:45:29,356 [ 334739]   INFO - com.intellij.ide.ui.UISettings - Loaded: fontSize=12, fontScale=1.0; restored: fontSize=12, fontScale=1.0 
2018-11-11 11:45:29,398 [ 334781]   INFO - com.intellij.ide.ui.UISettings - Loaded: fontSize=12, fontScale=1.0; restored: fontSize=12, fontScale=1.0 
2018-11-11 11:45:29,401 [ 334784]   INFO - com.intellij.ide.ui.UISettings - Loaded: fontSize=12, fontScale=null; restored: fontSize=12, fontScale=1.0 
2018-11-11 11:45:29,404 [ 334787]   INFO - com.intellij.ide.ui.UISettings - Loaded: fontSize=14, fontScale=1.0; restored: fontSize=14, fontScale=1.0 
2018-11-11 11:45:29,407 [ 334790]   INFO - com.intellij.ide.ui.UISettings - Loaded: fontSize=14, fontScale=1.0; restored: fontSize=14, fontScale=1.0 
2018-11-11 11:45:29,410 [ 334793]   INFO - com.intellij.ide.ui.UISettings - Loaded: fontSize=12, fontScale=1.0; restored: fontSize=12, fontScale=1.0 
2018-11-11 11:45:29,412 [ 334795]   INFO - com.intellij.ide.ui.UISettings - Loaded: fontSize=14, fontScale=1.0; restored: fontSize=14, fontScale=1.0 
2018-11-11 11:45:29,412 [ 334795]   INFO - com.intellij.ide.ui.UISettings - Loaded: fontSize=12, fontScale=1.0; restored: fontSize=12, fontScale=1.0 
2018-11-11 11:45:30,795 [ 336178]   INFO - CompilerWorkspaceConfiguration - Available processors: 4 
2018-11-11 11:45:34,852 [ 340235]   INFO - .openapi.application.Preloader - com.intellij.openapi.actionSystem.impl.ActionPreloader took 28491 ms 
2018-11-11 11:45:35,508 [ 340891]   INFO - ellij.project.impl.ProjectImpl - 199 project components initialized in 11721 ms 
2018-11-11 11:45:37,131 [ 342514]   INFO - ellij.project.impl.ProjectImpl - 23 project components initialized in 47 ms 
2018-11-11 11:45:37,622 [ 343005]   INFO - le.impl.ModuleManagerComponent - 1 module(s) loaded in 2113 ms 
2018-11-11 11:45:41,110 [ 346493]   INFO - .openapi.application.Preloader - com.intellij.ide.ui.search.SearchableOptionPreloader took 6255 ms 
2018-11-11 11:45:43,783 [ 349166]   INFO - .openapi.application.Preloader - com.intellij.codeInsight.completion.CompletionPreloader took 2672 ms 
2018-11-11 11:45:43,846 [ 349229]   INFO - .openapi.application.Preloader - com.intellij.ide.actions.GotoClassPresentationUpdater took 62 ms 
2018-11-11 11:45:46,226 [ 351609]   INFO - dea.updater.SdkComponentSource - Downloading https://dl.google.com/android/repository/repository2-1.xml 
2018-11-11 11:45:52,141 [ 357524]   INFO - j.ide.script.IdeStartupScripts - 0 startup script(s) found 
2018-11-11 11:45:52,566 [ 357949]   INFO - om.intellij.util.ProfilingUtil - Profiling agent is not enabled. Add -agentlib:yjpagent to idea.vmoptions if necessary to profile IDEA. 
2018-11-11 11:45:57,359 [ 362742]   INFO - dea.updater.SdkComponentSource - File C:\Users\gson\.android\repositories.cfg could not be loaded. 
2018-11-11 11:45:57,379 [ 362762]   INFO - dea.updater.SdkComponentSource - Downloading https://dl.google.com/android/repository/addons_list-3.xml 
2018-11-11 11:45:57,839 [ 363222]   INFO - dea.updater.SdkComponentSource - Downloading https://dl.google.com/android/repository/sys-img/android/sys-img2-1.xml 
2018-11-11 11:45:58,685 [ 364068]   INFO - tartup.impl.StartupManagerImpl - EditorHistoryManagerStartUpActivity run in 662ms under project opening modal progress 
2018-11-11 11:45:59,179 [ 364562]   INFO - .diagnostic.PerformanceWatcher - Pushing properties took 1514ms; general responsiveness: ok; EDT responsiveness: ok 
2018-11-11 11:45:59,561 [ 364944]   INFO - dea.updater.SdkComponentSource - Downloading https://dl.google.com/android/repository/sys-img/android-wear/sys-img2-1.xml 
2018-11-11 11:46:01,113 [ 366496]   INFO - dea.updater.SdkComponentSource - Downloading https://dl.google.com/android/repository/sys-img/android-wear-cn/sys-img2-1.xml 
2018-11-11 11:46:02,316 [ 367699]   INFO - dea.updater.SdkComponentSource - Downloading https://dl.google.com/android/repository/sys-img/android-tv/sys-img2-1.xml 
2018-11-11 11:46:03,006 [ 368389]   INFO - rojectCodeStyleSettingsManager - Initialized from default code style settings. 
2018-11-11 11:46:03,688 [ 369071]   INFO - m.maddyhome.idea.vim.VimPlugin - Sending statistics: https://plugins.jetbrains.com/plugins/list?pluginId=IdeaVIM&build=IU-182.4892.20&pluginVersion=0.50&os=Windows+10+10.0&uuid=4145cf97-893e-43ba-b1aa-5bf397536983 
2018-11-11 11:46:04,174 [ 369557]   INFO - dea.updater.SdkComponentSource - Downloading https://dl.google.com/android/repository/sys-img/google_apis/sys-img2-1.xml 
2018-11-11 11:46:05,894 [ 371277]   INFO - tartup.impl.StartupManagerImpl - OpenFilesActivity run in 7187ms under project opening modal progress 
2018-11-11 11:46:06,305 [ 371688]   INFO - ge.ExternalProjectsDataStorage - Loaded external projects data in 36 millis 
2018-11-11 11:46:06,311 [ 371694]   INFO - tartup.impl.StartupManagerImpl - ExternalSystemStartupActivity run in 380ms under project opening modal progress 
2018-11-11 11:46:06,564 [ 371947]   INFO - .diagnostic.PerformanceWatcher - Post-startup activities under progress took 9078ms; general responsiveness: ok; EDT responsiveness: 1/8 sluggish, 2/8 very slow 
2018-11-11 11:46:07,150 [ 372533]   INFO - dea.updater.SdkComponentSource - Downloading https://dl.google.com/android/repository/sys-img/google_apis_playstore/sys-img2-1.xml 
2018-11-11 11:46:11,244 [ 376627]   INFO - dea.updater.SdkComponentSource - Downloading https://dl.google.com/android/repository/addon2-1.xml 
2018-11-11 11:46:11,259 [ 376642]   INFO - .diagnostic.PerformanceWatcher - Indexable file iteration took 12078ms; general responsiveness: ok; EDT responsiveness: 2/11 sluggish, 5/11 very slow 
2018-11-11 11:46:11,261 [ 376644]   INFO - indexing.UnindexedFilesUpdater - Unindexed files update started: 2 files to update 
2018-11-11 11:46:11,915 [ 377298]   INFO - dea.updater.SdkComponentSource - Downloading https://dl.google.com/android/repository/glass/addon2-1.xml 
2018-11-11 11:46:12,210 [ 377593]   INFO - dea.updater.SdkComponentSource - Downloading https://dl.google.com/android/repository/extras/intel/addon2-1.xml 
2018-11-11 11:46:12,457 [ 377840]   INFO - ndex.PrebuiltIndexProviderBase - Using prebuilt sdk-stubs from C:\Users\gson\.IntelliJIdea2018.2\system\index\.persistent\prebuilt\JavaScript\sdk-stubs.input 
2018-11-11 11:46:13,293 [ 378676]   INFO - .diagnostic.PerformanceWatcher - Unindexed files update took 2032ms; general responsiveness: ok; EDT responsiveness: ok 
2018-11-11 11:46:15,292 [ 380675]   INFO - j.ide.ui.OptionsTopHitProvider - 574 ms spent to cache options in project 
2018-11-11 11:46:15,292 [ 380675]   INFO - tartup.impl.StartupManagerImpl - Some post-startup activities freeze UI for noticeable time. Please consider making them DumbAware to do them in background under modal progress, or just making them faster to speed up project opening. 
2018-11-11 11:46:15,293 [ 380676]   INFO - tartup.impl.StartupManagerImpl - Activity run in 574ms on UI thread 
2018-11-11 11:46:16,705 [ 382088]   INFO - j.ide.ui.OptionsTopHitProvider - 862 ms spent on EDT to cache options in project 
2018-11-11 11:46:18,010 [ 383393]   INFO -       ScriptTemplatesProviders - [kts] loading script definitions [] using cp:  
2018-11-11 11:46:48,318 [ 413701]   INFO - dvertisement.PluginsAdvertiser - Read timed out 
java.net.SocketTimeoutException: Read timed out
	at java.net.SocketInputStream.socketRead0(Native Method)
	at java.net.SocketInputStream.socketRead(SocketInputStream.java:116)
	at java.net.SocketInputStream.read(SocketInputStream.java:171)
	at java.net.SocketInputStream.read(SocketInputStream.java:141)
	at sun.security.ssl.InputRecord.readFully(InputRecord.java:465)
	at sun.security.ssl.InputRecord.read(InputRecord.java:503)
	at sun.security.ssl.SSLSocketImpl.readRecord(SSLSocketImpl.java:983)
	at sun.security.ssl.SSLSocketImpl.performInitialHandshake(SSLSocketImpl.java:1385)
	at sun.security.ssl.SSLSocketImpl.startHandshake(SSLSocketImpl.java:1413)
	at sun.security.ssl.SSLSocketImpl.startHandshake(SSLSocketImpl.java:1397)
	at sun.net.www.protocol.https.HttpsClient.afterConnect(HttpsClient.java:559)
	at sun.net.www.protocol.https.AbstractDelegateHttpsURLConnection.connect(AbstractDelegateHttpsURLConnection.java:185)
	at sun.net.www.protocol.http.HttpURLConnection.getInputStream0(HttpURLConnection.java:1546)
	at sun.net.www.protocol.http.HttpURLConnection.getInputStream(HttpURLConnection.java:1474)
	at java.net.HttpURLConnection.getResponseCode(HttpURLConnection.java:480)
	at sun.net.www.protocol.https.HttpsURLConnectionImpl.getResponseCode(HttpsURLConnectionImpl.java:338)
	at com.intellij.util.io.HttpRequests.openConnection(HttpRequests.java:558)
	at com.intellij.util.io.HttpRequests.access$300(HttpRequests.java:47)
	at com.intellij.util.io.HttpRequests$RequestImpl.getConnection(HttpRequests.java:329)
	at com.intellij.ide.plugins.RepositoryHelper.lambda$loadPlugins$1(RepositoryHelper.java:134)
	at com.intellij.util.io.HttpRequests.doProcess(HttpRequests.java:475)
	at com.intellij.util.io.HttpRequests.process(HttpRequests.java:451)
	at com.intellij.util.io.HttpRequests.access$100(HttpRequests.java:47)
	at com.intellij.util.io.HttpRequests$RequestBuilderImpl.connect(HttpRequests.java:303)
	at com.intellij.ide.plugins.RepositoryHelper.loadPlugins(RepositoryHelper.java:129)
	at com.intellij.ide.plugins.RepositoryHelper.loadPlugins(RepositoryHelper.java:93)
	at com.intellij.ide.plugins.RepositoryHelper.loadPlugins(RepositoryHelper.java:84)
	at com.intellij.ide.plugins.RepositoryHelper.loadPluginsFromAllRepositories(RepositoryHelper.java:64)
	at com.intellij.openapi.updateSettings.impl.pluginsAdvertisement.PluginsAdvertiser$4.run(PluginsAdvertiser.java:301)
	at com.intellij.openapi.application.impl.ApplicationImpl$1.run(ApplicationImpl.java:314)
	at java.util.concurrent.Executors$RunnableAdapter.call(Executors.java:511)
	at java.util.concurrent.FutureTask.run(FutureTask.java:266)
	at java.util.concurrent.ThreadPoolExecutor.runWorker(ThreadPoolExecutor.java:1142)
	at java.util.concurrent.ThreadPoolExecutor$Worker.run(ThreadPoolExecutor.java:617)
	at java.lang.Thread.run(Thread.java:745)
2018-11-11 11:51:50,454 [ 715837]   INFO - j.ide.ui.OptionsTopHitProvider - 610 ms spent on EDT to cache options in application 
2018-11-11 11:51:50,983 [ 716366]   INFO - cloudConfig.CloudConfigManager - === StatusBar ignored === 
2018-11-11 11:51:51,290 [ 716673]   INFO - Json.PackageJsonUpdateNotifier - processPackageJsonFiles [] 
2018-11-11 11:51:51,412 [ 716795]   INFO - tartup.impl.StartupManagerImpl - D:/DevOps/IDE/IdeaProjects/demo/.idea case-sensitivity: expected=false actual=false 
2018-11-11 11:51:51,428 [ 716811]   INFO - pl.projectlevelman.NewMappings - VCS Root: [] - [<Project>] 
2018-11-11 11:52:03,113 [ 728496]   INFO - stubs.SerializationManagerImpl - START StubSerializationManager SHUTDOWN 
2018-11-11 11:52:03,113 [ 728496]   INFO - stubs.SerializationManagerImpl - END StubSerializationManager SHUTDOWN 
2018-11-11 11:52:03,114 [ 728497]   INFO - ution.rmi.RemoteProcessSupport - Terminating: 11458/Maven3ServerImpl4a52a81d 
2018-11-11 11:52:03,977 [ 729360]   INFO - stubs.SerializationManagerImpl - START StubSerializationManager SHUTDOWN 
2018-11-11 11:52:03,978 [ 729361]   INFO - stubs.SerializationManagerImpl - END StubSerializationManager SHUTDOWN 
2018-11-11 11:52:03,978 [ 729361]   INFO - il.indexing.FileBasedIndexImpl - START INDEX SHUTDOWN 
2018-11-11 11:52:04,077 [ 729460]   INFO - il.indexing.FileBasedIndexImpl - END INDEX SHUTDOWN 
2018-11-11 11:52:04,081 [ 729464]   INFO - org.jetbrains.io.BuiltInServer - web server stopped 
2018-11-11 11:52:04,126 [ 729509]   INFO - Types.impl.FileTypeManagerImpl - FileTypeManager: 1 auto-detected files
Elapsed time on auto-detect: 25 ms 
2018-11-11 11:52:04,213 [ 729596]   INFO - pl.local.NativeFileWatcherImpl - Watcher terminated with exit code 0 
2018-11-11 11:52:04,219 [ 729602]  ERROR - ij.components.ComponentManager - null 
java.lang.NullPointerException
	at com.maddyhome.idea.vim.EventFacade.getTypedAction(EventFacade.java:125)
	at com.maddyhome.idea.vim.EventFacade.restoreTypedActionHandler(EventFacade.java:69)
	at com.maddyhome.idea.vim.VimPlugin.disposeComponent(VimPlugin.java:181)
	at com.intellij.openapi.components.impl.ComponentManagerImpl.disposeComponents(ComponentManagerImpl.java:136)
	at com.intellij.openapi.application.impl.ApplicationImpl.dispose(ApplicationImpl.java:494)
	at com.intellij.openapi.util.Disposer$1.execute(Disposer.java:48)
	at com.intellij.openapi.util.Disposer$1.execute(Disposer.java:44)
	at com.intellij.openapi.util.objectTree.ObjectNode$1.execute(ObjectNode.java:138)
	at com.intellij.openapi.util.objectTree.ObjectNode$1.execute(ObjectNode.java:107)
	at com.intellij.openapi.util.objectTree.ObjectTree.executeActionWithRecursiveGuard(ObjectTree.java:182)
	at com.intellij.openapi.util.objectTree.ObjectNode.execute(ObjectNode.java:107)
	at com.intellij.openapi.util.objectTree.ObjectTree.executeAll(ObjectTree.java:151)
	at com.intellij.openapi.util.Disposer.dispose(Disposer.java:129)
	at com.intellij.openapi.util.Disposer.dispose(Disposer.java:125)
	at com.intellij.openapi.application.impl.ApplicationImpl.lambda$disposeSelf$7(ApplicationImpl.java:253)
	at com.intellij.openapi.application.impl.ApplicationImpl.runWriteAction(ApplicationImpl.java:1038)
	at com.intellij.openapi.application.impl.ApplicationImpl.disposeSelf(ApplicationImpl.java:253)
	at com.intellij.openapi.application.impl.ApplicationImpl.doExit(ApplicationImpl.java:800)
	at com.intellij.openapi.application.impl.ApplicationImpl.exit(ApplicationImpl.java:770)
	at com.intellij.openapi.application.impl.ApplicationImpl.exit(ApplicationImpl.java:759)
	at com.intellij.openapi.application.impl.ApplicationImpl.exit(ApplicationImpl.java:755)
	at com.intellij.ide.b.h.aA.a(aA.java:874)
	at com.intellij.openapi.application.TransactionGuardImpl$2.run(TransactionGuardImpl.java:315)
	at com.intellij.openapi.application.impl.LaterInvocator$FlushQueue.doRun(LaterInvocator.java:447)
	at com.intellij.openapi.application.impl.LaterInvocator$FlushQueue.runNextEvent(LaterInvocator.java:431)
	at com.intellij.openapi.application.impl.LaterInvocator$FlushQueue.run(LaterInvocator.java:415)
	at java.awt.event.InvocationEvent.dispatch(InvocationEvent.java:311)
	at java.awt.EventQueue.dispatchEventImpl(EventQueue.java:762)
	at java.awt.EventQueue.access$500(EventQueue.java:98)
	at java.awt.EventQueue$3.run(EventQueue.java:715)
	at java.awt.EventQueue$3.run(EventQueue.java:709)
	at java.security.AccessController.doPrivileged(Native Method)
	at java.security.ProtectionDomain$JavaSecurityAccessImpl.doIntersectionPrivilege(ProtectionDomain.java:80)
	at java.awt.EventQueue.dispatchEvent(EventQueue.java:732)
	at com.intellij.ide.IdeEventQueue.defaultDispatchEvent(IdeEventQueue.java:781)
	at com.intellij.ide.IdeEventQueue._dispatchEvent(IdeEventQueue.java:722)
	at com.intellij.ide.IdeEventQueue.dispatchEvent(IdeEventQueue.java:382)
	at java.awt.EventDispatchThread.pumpOneEventForFilters(EventDispatchThread.java:201)
	at java.awt.EventDispatchThread.pumpEventsForFilter(EventDispatchThread.java:116)
	at java.awt.EventDispatchThread.pumpEventsForHierarchy(EventDispatchThread.java:105)
	at java.awt.EventDispatchThread.pumpEvents(EventDispatchThread.java:101)
	at java.awt.EventDispatchThread.pumpEvents(EventDispatchThread.java:93)
	at java.awt.EventDispatchThread.run(EventDispatchThread.java:82)
2018-11-11 11:52:04,224 [ 729607]  ERROR - ij.components.ComponentManager - IntelliJ IDEA 2018.2.5  Build #IU-182.4892.20 
2018-11-11 11:52:04,224 [ 729607]  ERROR - ij.components.ComponentManager - JDK: 1.8.0_152-release 
2018-11-11 11:52:04,224 [ 729607]  ERROR - ij.components.ComponentManager - VM: OpenJDK 64-Bit Server VM 
2018-11-11 11:52:04,224 [ 729607]  ERROR - ij.components.ComponentManager - Vendor: JetBrains s.r.o 
2018-11-11 11:52:04,226 [ 729609]  ERROR - ij.components.ComponentManager - OS: Windows 10 
2018-11-11 11:52:04,226 [ 729609]   INFO - newvfs.persistent.PersistentFS - VFS dispose started 
2018-11-11 11:52:04,272 [ 729655]   INFO - newvfs.persistent.PersistentFS - VFS dispose completed 
2018-11-11 11:52:04,275 [ 729658]  ERROR - til.concurrency.QueueProcessor - Already disposed: Project (Disposed) demo 
java.lang.AssertionError: Already disposed: Project (Disposed) demo
	at com.intellij.openapi.components.impl.ComponentManagerImpl.lambda$throwAlreadyDisposed$1(ComponentManagerImpl.java:248)
	at com.intellij.openapi.application.ReadAction.lambda$run$1(ReadAction.java:53)
	at com.intellij.openapi.application.impl.ApplicationImpl.runReadAction(ApplicationImpl.java:959)
	at com.intellij.openapi.application.ReadAction.compute(ReadAction.java:57)
	at com.intellij.openapi.application.ReadAction.run(ReadAction.java:53)
	at com.intellij.openapi.components.impl.ComponentManagerImpl.throwAlreadyDisposed(ComponentManagerImpl.java:246)
	at com.intellij.openapi.components.impl.ComponentManagerImpl.getPicoContainer(ComponentManagerImpl.java:239)
	at com.intellij.openapi.components.impl.ComponentManagerImpl.getPicoContainer(ComponentManagerImpl.java:45)
	at com.intellij.project.ProjectKt.getStateStore(project.kt:17)
	at com.intellij.openapi.project.impl.ProjectImpl.getStateStore(ProjectImpl.java:177)
	at com.intellij.openapi.project.impl.ProjectImpl.getPresentableUrl(ProjectImpl.java:233)
	at com.intellij.openapi.project.impl.ProjectImpl.getLocationHash(ProjectImpl.java:241)
	at org.jetbrains.idea.maven.tasks.MavenShortcutsManager.getActionId(MavenShortcutsManager.java:104)
	at org.jetbrains.idea.maven.tasks.MavenShortcutsManager.getShortcuts(MavenShortcutsManager.java:130)
	at org.jetbrains.idea.maven.tasks.MavenShortcutsManager.hasShortcuts(MavenShortcutsManager.java:125)
	at org.jetbrains.idea.maven.tasks.MavenKeymapExtension.createActions(MavenKeymapExtension.java:153)
	at org.jetbrains.idea.maven.tasks.MavenKeymapExtension.updateActions(MavenKeymapExtension.java:129)
	at org.jetbrains.idea.maven.tasks.MavenShortcutsManager$MyProjectsTreeListener$1.run(MavenShortcutsManager.java:210)
	at com.intellij.util.ui.update.MergingUpdateQueue.execute(MergingUpdateQueue.java:337)
	at com.intellij.util.ui.update.MergingUpdateQueue.execute(MergingUpdateQueue.java:327)
	at com.intellij.util.ui.update.MergingUpdateQueue.lambda$flush$1(MergingUpdateQueue.java:277)
	at com.intellij.util.ui.update.MergingUpdateQueue.flush(MergingUpdateQueue.java:291)
	at com.intellij.util.ui.update.MergingUpdateQueue.run(MergingUpdateQueue.java:246)
	at com.intellij.util.concurrency.QueueProcessor.runSafely(QueueProcessor.java:232)
	at com.intellij.util.Alarm$Request.runSafely(Alarm.java:405)
	at com.intellij.util.Alarm$Request.access$700(Alarm.java:330)
	at com.intellij.util.Alarm$Request$1.run(Alarm.java:371)
	at com.intellij.util.Alarm$Request.run(Alarm.java:382)
	at java.util.concurrent.Executors$RunnableAdapter.call(Executors.java:511)
	at java.util.concurrent.FutureTask.run(FutureTask.java:266)
	at com.intellij.util.concurrency.SchedulingWrapper$MyScheduledFutureTask.run(SchedulingWrapper.java:228)
	at com.intellij.util.concurrency.BoundedTaskExecutor.doRun(BoundedTaskExecutor.java:226)
	at com.intellij.util.concurrency.BoundedTaskExecutor.access$100(BoundedTaskExecutor.java:26)
	at com.intellij.util.concurrency.BoundedTaskExecutor$2$1.run(BoundedTaskExecutor.java:199)
	at com.intellij.util.ConcurrencyUtil.runUnderThreadName(ConcurrencyUtil.java:229)
	at com.intellij.util.concurrency.BoundedTaskExecutor$2.run(BoundedTaskExecutor.java:193)
	at java.util.concurrent.ThreadPoolExecutor.runWorker(ThreadPoolExecutor.java:1142)
	at java.util.concurrent.ThreadPoolExecutor$Worker.run(ThreadPoolExecutor.java:617)
	at java.lang.Thread.run(Thread.java:745)
2018-11-11 11:52:04,276 [ 729659]  ERROR - til.concurrency.QueueProcessor - IntelliJ IDEA 2018.2.5  Build #IU-182.4892.20 
2018-11-11 11:52:04,276 [ 729659]  ERROR - til.concurrency.QueueProcessor - JDK: 1.8.0_152-release 
2018-11-11 11:52:04,276 [ 729659]  ERROR - til.concurrency.QueueProcessor - VM: OpenJDK 64-Bit Server VM 
2018-11-11 11:52:04,276 [ 729659]  ERROR - til.concurrency.QueueProcessor - Vendor: JetBrains s.r.o 
2018-11-11 11:52:04,276 [ 729659]  ERROR - til.concurrency.QueueProcessor - OS: Windows 10 
2018-11-11 11:52:04,281 [ 729664]   INFO -        #com.intellij.idea.Main - ------------------------------------------------------ IDE SHUTDOWN ------------------------------------------------------ 
2018-11-11 11:52:04,289 [ 729672]   INFO - org.jetbrains.io.BuiltInServer - web server stopped 
2018-11-11 11:52:39,368 [      0]   INFO -        #com.intellij.idea.Main - ------------------------------------------------------ IDE STARTED ------------------------------------------------------ 
2018-11-11 11:52:39,434 [     66]   INFO -        #com.intellij.idea.Main - IDE: IntelliJ IDEA (build #IU-182.4892.20, 16 Oct 2018 17:39) 
2018-11-11 11:52:39,434 [     66]   INFO -        #com.intellij.idea.Main - OS: Windows 10 (10.0, amd64) 
2018-11-11 11:52:39,434 [     66]   INFO -        #com.intellij.idea.Main - JRE: 1.8.0_152-release-1248-b19 (JetBrains s.r.o) 
2018-11-11 11:52:39,434 [     66]   INFO -        #com.intellij.idea.Main - JVM: 25.152-b19 (OpenJDK 64-Bit Server VM) 
2018-11-11 11:52:39,439 [     71]   INFO -        #com.intellij.idea.Main - JVM Args: -Xms128m -Xmx750m -XX:ReservedCodeCacheSize=240m -XX:+UseConcMarkSweepGC -XX:SoftRefLRUPolicyMSPerMB=50 -ea -Dsun.io.useCanonCaches=false -Djava.net.preferIPv4Stack=true -Djdk.http.auth.tunneling.disabledSchemes="" -XX:+HeapDumpOnOutOfMemoryError -XX:-OmitStackTraceInFastThrow -javaagent:D:\DevOps\IDE\include\JetbrainsCrack-3.1-release-enc.jar -Djb.vmOptionsFile=D:\DevOps\IDE\ideaIU-2018.1.4.win\bin\idea64.exe.vmoptions -Didea.jre.check=true -Dide.native.launcher=true -Didea.paths.selector=IntelliJIdea2018.2 -XX:ErrorFile=C:\Users\gson\java_error_in_idea_%p.log -XX:HeapDumpPath=C:\Users\gson\java_error_in_idea.hprof 
2018-11-11 11:52:39,440 [     72]   INFO -        #com.intellij.idea.Main - ext: D:\DevOps\IDE\ideaIU-2018.1.4.win\jre64\lib\ext: [access-bridge-64.jar, cldrdata.jar, dnsns.jar, jaccess.jar, jfxrt.jar, localedata.jar, meta-index, nashorn.jar, sunec.jar, sunjce_provider.jar, sunmscapi.jar, sunpkcs11.jar, zipfs.jar] 
2018-11-11 11:52:39,440 [     72]   INFO -        #com.intellij.idea.Main - charsets: JNU=GBK file=GBK 
2018-11-11 11:52:39,513 [    145]   INFO -        #com.intellij.idea.Main - JNA library (64-bit) loaded in 72 ms 
2018-11-11 11:52:39,517 [    149]   INFO - penapi.util.io.win32.IdeaWin32 - Native filesystem for Windows is operational 
2018-11-11 11:52:40,007 [    639]   INFO -     #com.intellij.util.ui.JBUI - User scale factor: 1.0 
2018-11-11 11:52:44,233 [   4865]   INFO -     #com.intellij.util.ui.JBUI - System scale factor: 1.0 (JRE-managed HiDPI) 
2018-11-11 11:53:28,465 [  49097]   INFO -        #com.intellij.idea.Main - ------------------------------------------------------ IDE SHUTDOWN ------------------------------------------------------ 
2018-11-11 11:53:28,478 [  49110]   INFO - org.jetbrains.io.BuiltInServer - web server stopped 
2018-11-11 11:56:27,077 [      0]   INFO -        #com.intellij.idea.Main - ------------------------------------------------------ IDE STARTED ------------------------------------------------------ 
2018-11-11 11:56:27,121 [     44]   INFO -        #com.intellij.idea.Main - IDE: IntelliJ IDEA (build #IU-182.4892.20, 16 Oct 2018 17:27) 
2018-11-11 11:56:27,121 [     44]   INFO -        #com.intellij.idea.Main - OS: Windows 10 (10.0, amd64) 
2018-11-11 11:56:27,121 [     44]   INFO -        #com.intellij.idea.Main - JRE: 1.8.0_152-release-1248-b19 (JetBrains s.r.o) 
2018-11-11 11:56:27,121 [     44]   INFO -        #com.intellij.idea.Main - JVM: 25.152-b19 (OpenJDK 64-Bit Server VM) 
2018-11-11 11:56:27,126 [     49]   INFO -        #com.intellij.idea.Main - JVM Args: -Xms128m -Xmx750m -XX:ReservedCodeCacheSize=240m -XX:+UseConcMarkSweepGC -XX:SoftRefLRUPolicyMSPerMB=50 -ea -Dsun.io.useCanonCaches=false -Djava.net.preferIPv4Stack=true -Djdk.http.auth.tunneling.disabledSchemes="" -XX:+HeapDumpOnOutOfMemoryError -XX:-OmitStackTraceInFastThrow -javaagent:D:\DevOps\IDE\include\JetbrainsCrack-3.1-release-enc.jar -Djb.vmOptionsFile=D:\DevOps\IDE\ideaIU-2018.1.4.win\bin\idea64.exe.vmoptions -Didea.jre.check=true -Dide.native.launcher=true -Didea.paths.selector=IntelliJIdea2018.2 -XX:ErrorFile=C:\Users\gson\java_error_in_idea_%p.log -XX:HeapDumpPath=C:\Users\gson\java_error_in_idea.hprof 
2018-11-11 11:56:27,126 [     49]   INFO -        #com.intellij.idea.Main - ext: D:\DevOps\IDE\ideaIU-2018.1.4.win\jre64\lib\ext: [access-bridge-64.jar, cldrdata.jar, dnsns.jar, jaccess.jar, jfxrt.jar, localedata.jar, meta-index, nashorn.jar, sunec.jar, sunjce_provider.jar, sunmscapi.jar, sunpkcs11.jar, zipfs.jar] 
2018-11-11 11:56:27,127 [     50]   INFO -        #com.intellij.idea.Main - charsets: JNU=GBK file=GBK 
2018-11-11 11:56:27,205 [    128]   INFO -        #com.intellij.idea.Main - JNA library (64-bit) loaded in 78 ms 
2018-11-11 11:56:27,210 [    133]   INFO - penapi.util.io.win32.IdeaWin32 - Native filesystem for Windows is operational 
2018-11-11 11:56:27,762 [    685]   INFO -     #com.intellij.util.ui.JBUI - User scale factor: 1.0 
2018-11-11 11:56:32,050 [   4973]   INFO -     #com.intellij.util.ui.JBUI - System scale factor: 1.0 (JRE-managed HiDPI) 
2018-11-11 11:57:13,820 [  46743]   INFO - .intellij.idea.IdeaApplication - CPU cores: 4; ForkJoinPool.commonPool: java.util.concurrent.ForkJoinPool@61757b2b[Running, parallelism = 3, size = 0, active = 0, running = 0, steals = 0, tasks = 0, submissions = 0]; factory: com.intellij.concurrency.IdeaForkJoinWorkerThreadFactory@351696d5 
2018-11-11 11:57:15,557 [  48480]   INFO - llij.ide.plugins.PluginManager - 143 plugins initialized in 1457 ms 
2018-11-11 11:57:15,558 [  48481]   INFO - llij.ide.plugins.PluginManager - Loaded bundled plugins: ASP (0.1), Android Support (10.3.1.2), AngularJS (182.4892.20), Ant Support (1.0), Application Servers View (0.2.0), AspectJ Support (1.2), Bytecode Viewer (0.1), CFML Support (3.53), CSS Support (182.4892.20), CVS Integration (11), Cloud Foundry integration (1.0), CloudBees integration (1.0), CoffeeScript (182.4892.20), Copyright (8.1), Coverage (182.4892.20), Cucumber for Groovy (182.4892.20), Cucumber for Java (182.4892.20), DSM Analysis (1.0.0), Database Tools and SQL (182.4892.20), Eclipse Integration (3.0), EditorConfig (182.4892.20), Emma (182.4892.20), Flash/Flex Support (182.4892.20), FreeMarker support (1.0), GWT Support (1.0), Geronimo Integration (1.0), Gherkin (999.999), Git Integration (8.1), GitHub (182.4892.20), GlassFish Integration (1.0), Google App Engine Integration (1.1.4), Gradle (182.4892.20), Grails (9.0), Groovy (9.0), Guice (8.0), HTML Tools (2.0), HTTP Client (182.4892.20), Haml (182.4892.20), Heroku integration (182.4892.20), Hibernate Support (1.0), I18n for Java (182.4892.20), IDE Settings Sync (182.4892.20), IDEA CORE (182.4892.20), IntelliLang (8.0), J2ME (1.0), JBoss Arquillian Support (1.0), JBoss Drools Support (1.0), JBoss Frameworks Base Support (1.0), JBoss Integration (1.0), JBoss Seam Pageflow Support (1.0), JBoss Seam Pages Support (1.0), JBoss Seam Support (1.0), JBoss jBPM (2.0.0), JSR45 Integration (1.0), JUnit (1.0), Java Bytecode Decompiler (182.4892.20), Java EE: Batch Applications (1.0), Java EE: Bean Validation Support (1.1), Java EE: Contexts and Dependency Injection (1.1), Java EE: EJB, JPA, Servlets (1.0), Java EE: JMS, JSON Processing, Concurrency, Transaction  (1.0), Java EE: Java Server Faces (2.2.X.), Java EE: RESTful Web Services (JAX-RS) (1.0), Java EE: Web Services (JAX-WS) (1.9), Java EE: WebSockets (1.0), Java Server Pages (JSP) Integration (1.0), Java Stream Debugger (182.4892.20), JavaFX (1.0), JavaScript Debugger (1.0), JavaScript Intention Power Pack (0.9.4), JavaScript Support (1.0), Jetty Integration (1.0), Kotlin (1.2.51-release-IJ2018.2-1), Less support (182.4892.20), Markdown support (182.4892.20), Maven Integration (182.4892.20), Maven Integration Extension (182.4892.20), Mercurial Integration (10.0), OpenShift integration (1.0), Osmorc (1.4.12), Perforce Integration (2.0), Persistence Frameworks Support (1.0), Playframework Support (1.0), Plugin DevKit (1.0), Properties Support (182.4892.20), Reactor framework support (1.0), Refactor-X (2.01), Remote Hosts Access (0.1), Resin Integration (8.1), SSH Remote Run (0.1), Sass support (182.4892.20), Settings Repository (182.4892.20), Smali Support (1.0), Spring AOP/@AspectJ (1.0), Spring Batch (1.0), Spring Boot (1.0), Spring Data (1.0), Spring Integration Patterns (1.0), Spring MVC (1.0), Spring OSGi (1.0), Spring Security (1.0), Spring Support (1.0), Spring Web Flow (1.0), Spring Web Services (1.0), Spring WebSocket (1.0), Spy-js (182.4892.20), Struts 1.x (2.0), Struts 2 (1.0), Stylus support (999.999), Subversion Integration (1.1), TFS Integration (999.999), Tapestry support (1.0), Task Management (1.0), Terminal (0.1), TestNG-J (8.0), Thymeleaf (1.0), Time Tracking (1.0), Tomcat and TomEE Integration (1.0), UI Designer (182.4892.20), UML Support (1.0), Vaadin Support (1.0), Velocity support (1.0), W3C Validators (2.0), WebLogic Integration (1.0), WebSphere Integration (1.0), XPathView + XSLT Support (4), XSLT-Debugger (1.4), YAML (182.4892.20), ZKM-Unscramble (1.0), dmServer Support (0.9.5), tslint (182.4892.20) 
2018-11-11 11:57:15,558 [  48481]   INFO - llij.ide.plugins.PluginManager - Loaded custom plugins: .ignore (3.0.0.182), AceJump (3.5.1), BashSupport (1.6.13.182), Generate Tests (1.0.2), Grep Console (8.5.162.000.1), IdeaVim (0.50), Lombok Plugin (0.22.2018.2), Maven Helper (3.7.172.1454.3), NodeJS (182.3911.9), Shortcut Translator (1.0.1), Translate (1.1), Vue.js (182.4505.50) 
2018-11-11 11:57:17,998 [  50921]  ERROR - nsions.impl.ExtensionPointImpl - Service: org.acejump.config.AceConfig doesn't override anything 
java.lang.RuntimeException: Service: org.acejump.config.AceConfig doesn't override anything
	at com.intellij.openapi.components.impl.ServiceManagerImpl$1.extensionAdded(ServiceManagerImpl.java:64)
	at com.intellij.openapi.components.impl.ServiceManagerImpl$1.extensionAdded(ServiceManagerImpl.java:57)
	at com.intellij.openapi.extensions.impl.ExtensionPointImpl.addExtensionPointListener(ExtensionPointImpl.java:399)
	at com.intellij.openapi.components.impl.ServiceManagerImpl.installEP(ServiceManagerImpl.java:83)
	at com.intellij.openapi.components.impl.ServiceManagerImpl.<init>(ServiceManagerImpl.java:41)
	at sun.reflect.NativeConstructorAccessorImpl.newInstance0(Native Method)
	at sun.reflect.NativeConstructorAccessorImpl.newInstance(NativeConstructorAccessorImpl.java:62)
	at sun.reflect.DelegatingConstructorAccessorImpl.newInstance(DelegatingConstructorAccessorImpl.java:45)
	at java.lang.reflect.Constructor.newInstance(Constructor.java:423)
	at org.picocontainer.defaults.InstantiatingComponentAdapter.newInstance(InstantiatingComponentAdapter.java:193)
	at com.intellij.util.pico.CachingConstructorInjectionComponentAdapter.doGetComponentInstance(CachingConstructorInjectionComponentAdapter.java:99)
	at com.intellij.util.pico.CachingConstructorInjectionComponentAdapter.instantiateGuarded(CachingConstructorInjectionComponentAdapter.java:76)
	at com.intellij.util.pico.CachingConstructorInjectionComponentAdapter.getComponentInstance(CachingConstructorInjectionComponentAdapter.java:59)
	at com.intellij.openapi.components.impl.ComponentManagerImpl$ComponentConfigComponentAdapter.getComponentInstance(ComponentManagerImpl.java:464)
	at com.intellij.util.pico.DefaultPicoContainer.getLocalInstance(DefaultPicoContainer.java:247)
	at com.intellij.util.pico.DefaultPicoContainer.getComponentInstance(DefaultPicoContainer.java:214)
	at com.intellij.openapi.application.impl.ApplicationImpl.lambda$load$8(ApplicationImpl.java:407)
	at com.intellij.openapi.components.impl.ComponentManagerImpl.init(ComponentManagerImpl.java:89)
	at com.intellij.openapi.application.impl.ApplicationImpl.load(ApplicationImpl.java:405)
	at com.intellij.openapi.application.impl.ApplicationImpl.load(ApplicationImpl.java:391)
	at com.intellij.idea.IdeaApplication.run(IdeaApplication.java:209)
	at com.intellij.idea.IdeaApplication.lambda$initApplication$0(IdeaApplication.java:75)
	at java.awt.event.InvocationEvent.dispatch(InvocationEvent.java:311)
	at java.awt.EventQueue.dispatchEventImpl(EventQueue.java:762)
	at java.awt.EventQueue.access$500(EventQueue.java:98)
	at java.awt.EventQueue$3.run(EventQueue.java:715)
	at java.awt.EventQueue$3.run(EventQueue.java:709)
	at java.security.AccessController.doPrivileged(Native Method)
	at java.security.ProtectionDomain$JavaSecurityAccessImpl.doIntersectionPrivilege(ProtectionDomain.java:80)
	at java.awt.EventQueue.dispatchEvent(EventQueue.java:732)
	at com.intellij.ide.IdeEventQueue.dispatchEvent(IdeEventQueue.java:361)
	at java.awt.EventDispatchThread.pumpOneEventForFilters(EventDispatchThread.java:201)
	at java.awt.EventDispatchThread.pumpEventsForFilter(EventDispatchThread.java:116)
	at java.awt.EventDispatchThread.pumpEventsForHierarchy(EventDispatchThread.java:105)
	at java.awt.EventDispatchThread.pumpEvents(EventDispatchThread.java:101)
	at java.awt.EventDispatchThread.pumpEvents(EventDispatchThread.java:93)
	at java.awt.EventDispatchThread.run(EventDispatchThread.java:82)
2018-11-11 11:57:18,003 [  50926]  ERROR - nsions.impl.ExtensionPointImpl - IntelliJ IDEA 2018.2.5  Build #IU-182.4892.20 
2018-11-11 11:57:18,003 [  50926]  ERROR - nsions.impl.ExtensionPointImpl - JDK: 1.8.0_152-release 
2018-11-11 11:57:18,003 [  50926]  ERROR - nsions.impl.ExtensionPointImpl - VM: OpenJDK 64-Bit Server VM 
2018-11-11 11:57:18,005 [  50928]  ERROR - nsions.impl.ExtensionPointImpl - Vendor: JetBrains s.r.o 
2018-11-11 11:57:18,005 [  50928]  ERROR - nsions.impl.ExtensionPointImpl - OS: Windows 10 
2018-11-11 11:57:18,063 [  50986]   INFO - cloudConfig.CloudConfigManager - === Exit: JBA_NOT_FOUND === 
2018-11-11 11:57:18,171 [  51094]   INFO - ellij.util.io.PagedFileStorage - lower=100; upper=500; buffer=10; max=705 
2018-11-11 11:57:18,268 [  51191]   INFO - pl.local.NativeFileWatcherImpl - Starting file watcher: D:\DevOps\IDE\ideaIU-2018.1.4.win\bin\fsnotifier64.exe 
2018-11-11 11:57:18,311 [  51234]   INFO - pl.local.NativeFileWatcherImpl - Native file watcher is operational. 
2018-11-11 11:57:18,748 [  51671]   INFO - tellij.openapi.util.IconLoader - replace '/nodes/newFolder.png' with 'AllIcons.Nodes.Folder' 
2018-11-11 11:57:19,645 [  52568]   INFO - com.intellij.ide.ui.UISettings - Loaded: fontSize=14, fontScale=1.0; restored: fontSize=14, fontScale=1.0 
2018-11-11 11:57:20,409 [  53332]   INFO -     #com.intellij.util.ui.JBUI - User scale factor: 1.25 
2018-11-11 11:57:20,601 [  53524]   INFO - til.net.ssl.CertificateManager - Default SSL context initialized 
2018-11-11 11:57:20,738 [  53661]   INFO - rains.ide.BuiltInServerManager - built-in server started, port 63342 
2018-11-11 11:57:20,780 [  53703]   INFO - gs.impl.UpdateCheckerComponent - channel: release 
2018-11-11 11:57:21,268 [  54191]   INFO - il.indexing.FileBasedIndexImpl - Index exts enumerated:412, number of extensions:80 
2018-11-11 11:57:21,563 [  54486]   INFO - il.indexing.FileBasedIndexImpl - Index scheduled:295 
2018-11-11 11:57:21,815 [  54738]   INFO - tellij.psi.stubs.StubIndexImpl - All stub exts enumerated:241, number of extensions:124 
2018-11-11 11:57:21,817 [  54740]   INFO - tellij.psi.stubs.StubIndexImpl - stub exts update scheduled:1 
2018-11-11 11:57:21,889 [  54812]   INFO - j.ide.ui.OptionsTopHitProvider - 1324 ms spent to cache options in application 
2018-11-11 11:57:21,890 [  54813]   INFO - .openapi.application.Preloader - com.intellij.ide.ui.OptionsTopHitProvider$Activity took 1325 ms 
2018-11-11 11:57:23,953 [  56876]   INFO - plication.impl.ApplicationImpl - 109 application components initialized in 9860ms 
2018-11-11 11:57:24,005 [  56928]   INFO - .intellij.idea.IdeaApplication - App initialization took 59961 ms 
2018-11-11 11:57:24,789 [  57712]   INFO - m.intellij.ui.mac.touchbar.NST - OS doesn't support touchbar, skip nst loading 
2018-11-11 11:57:28,532 [  61455]   INFO - com.intellij.ide.ui.UISettings - Loaded: fontSize=12, fontScale=1.0; restored: fontSize=12, fontScale=1.0 
2018-11-11 11:57:28,535 [  61458]   INFO - com.intellij.ide.ui.UISettings - Loaded: fontSize=12, fontScale=1.0; restored: fontSize=12, fontScale=1.0 
2018-11-11 11:57:28,602 [  61525]   INFO - com.intellij.ide.ui.UISettings - Loaded: fontSize=12, fontScale=1.0; restored: fontSize=12, fontScale=1.0 
2018-11-11 11:57:28,610 [  61533]   INFO - com.intellij.ide.ui.UISettings - Loaded: fontSize=12, fontScale=null; restored: fontSize=12, fontScale=1.0 
2018-11-11 11:57:28,613 [  61536]   INFO - com.intellij.ide.ui.UISettings - Loaded: fontSize=14, fontScale=1.0; restored: fontSize=14, fontScale=1.0 
2018-11-11 11:57:28,620 [  61543]   INFO - com.intellij.ide.ui.UISettings - Loaded: fontSize=14, fontScale=1.0; restored: fontSize=14, fontScale=1.0 
2018-11-11 11:57:28,631 [  61554]   INFO - com.intellij.ide.ui.UISettings - Loaded: fontSize=12, fontScale=1.0; restored: fontSize=12, fontScale=1.0 
2018-11-11 11:57:28,646 [  61569]   INFO - com.intellij.ide.ui.UISettings - Loaded: fontSize=14, fontScale=1.0; restored: fontSize=14, fontScale=1.0 
2018-11-11 11:57:28,646 [  61569]   INFO - com.intellij.ide.ui.UISettings - Loaded: fontSize=12, fontScale=1.0; restored: fontSize=12, fontScale=1.0 
2018-11-11 11:57:29,115 [  62038]   INFO - pl$FileIndexDataInitialization - Initialization done:7535 
2018-11-11 11:57:29,405 [  62328]   INFO - CompilerWorkspaceConfiguration - Available processors: 4 
2018-11-11 11:57:30,189 [  63112]   INFO - exImpl$StubIndexInitialization - Initialization done:1073 
2018-11-11 11:57:31,368 [  64291]   INFO - ellij.project.impl.ProjectImpl - 199 project components initialized in 5964 ms 
2018-11-11 11:57:31,445 [  64368]   INFO - .openapi.application.Preloader - com.intellij.openapi.actionSystem.impl.ActionPreloader took 9547 ms 
2018-11-11 11:57:32,383 [  65306]   INFO - le.impl.ModuleManagerComponent - 1 module(s) loaded in 1013 ms 
2018-11-11 11:57:33,391 [  66314]   INFO - j.ide.script.IdeStartupScripts - 0 startup script(s) found 
2018-11-11 11:57:33,721 [  66644]   INFO - om.intellij.util.ProfilingUtil - Profiling agent is not enabled. Add -agentlib:yjpagent to idea.vmoptions if necessary to profile IDEA. 
2018-11-11 11:57:37,459 [  70382]   INFO - ellij.project.impl.ProjectImpl - 23 project components initialized in 43 ms 
2018-11-11 11:57:37,728 [  70651]   INFO - .openapi.application.Preloader - com.intellij.ide.ui.search.SearchableOptionPreloader took 6282 ms 
2018-11-11 11:57:37,794 [  70717]   INFO - tartup.impl.StartupManagerImpl - EditorHistoryManagerStartUpActivity run in 385ms under project opening modal progress 
2018-11-11 11:57:38,416 [  71339]   INFO - .diagnostic.PerformanceWatcher - Pushing properties took 1077ms; general responsiveness: ok; EDT responsiveness: ok 
2018-11-11 11:57:41,023 [  73946]   INFO - .openapi.application.Preloader - com.intellij.codeInsight.completion.CompletionPreloader took 3288 ms 
2018-11-11 11:57:41,066 [  73989]   INFO - .openapi.application.Preloader - com.intellij.ide.actions.GotoClassPresentationUpdater took 36 ms 
2018-11-11 11:57:42,451 [  75374]   INFO - rojectCodeStyleSettingsManager - Initialized from default code style settings. 
2018-11-11 11:57:44,232 [  77155]   INFO - tartup.impl.StartupManagerImpl - OpenFilesActivity run in 6421ms under project opening modal progress 
2018-11-11 11:57:44,330 [  77253]   INFO - ge.ExternalProjectsDataStorage - Loaded external projects data in 5 millis 
2018-11-11 11:57:44,451 [  77374]   INFO - .diagnostic.PerformanceWatcher - Post-startup activities under progress took 7317ms; general responsiveness: ok; EDT responsiveness: 0/7 sluggish, 1/7 very slow 
2018-11-11 11:57:46,027 [  78950]   INFO - j.ide.ui.OptionsTopHitProvider - 538 ms spent on EDT to cache options in application 
2018-11-11 11:57:46,049 [  78972]   INFO - tartup.impl.StartupManagerImpl - D:/DevOps/IDE/IdeaProjects/demo/.idea case-sensitivity: expected=false actual=false 
2018-11-11 11:57:46,085 [  79008]   INFO - pl.projectlevelman.NewMappings - VCS Root: [] - [<Project>] 
2018-11-11 11:57:46,382 [  79305]   INFO - Json.PackageJsonUpdateNotifier - processPackageJsonFiles [] 
2018-11-11 11:57:46,453 [  79376]   INFO - tor.impl.FileEditorManagerImpl - Project opening took 21394 ms 
2018-11-11 11:57:50,623 [  83546]   INFO - .diagnostic.PerformanceWatcher - Indexable file iteration took 12201ms; general responsiveness: ok; EDT responsiveness: 2/12 sluggish, 1/12 very slow 
2018-11-11 11:57:52,713 [  85636]   INFO - j.ide.ui.OptionsTopHitProvider - 214 ms spent to cache options in project 
2018-11-11 11:57:52,713 [  85636]   INFO - tartup.impl.StartupManagerImpl - Some post-startup activities freeze UI for noticeable time. Please consider making them DumbAware to do them in background under modal progress, or just making them faster to speed up project opening. 
2018-11-11 11:57:52,713 [  85636]   INFO - tartup.impl.StartupManagerImpl - Activity run in 214ms on UI thread 
2018-11-11 11:57:52,891 [  85814]   INFO - cloudConfig.CloudConfigManager - === StatusBar ignored === 
2018-11-11 11:57:53,178 [  86101]   INFO - tartup.impl.StartupManagerImpl - MaintenanceActivity run in 162ms on UI thread 
2018-11-11 11:57:53,390 [  86313]   INFO - j.ide.plugins.RepositoryHelper - using cached plugin list (updated at 11/11/2018 11:45 AM) 
2018-11-11 11:57:53,685 [  86608]   INFO - j.ide.ui.OptionsTopHitProvider - 411 ms spent on EDT to cache options in project 
2018-11-11 11:57:57,180 [  90103]   INFO -       ScriptTemplatesProviders - [kts] loading script definitions [] using cp:  
2018-11-11 11:59:56,376 [ 209299]   INFO - ution.rmi.RemoteProcessSupport - Terminating: 11359/Maven3ServerImplfda164b7 
2018-11-11 11:59:56,995 [ 209918]   INFO - stubs.SerializationManagerImpl - START StubSerializationManager SHUTDOWN 
2018-11-11 11:59:56,996 [ 209919]   INFO - stubs.SerializationManagerImpl - END StubSerializationManager SHUTDOWN 
2018-11-11 11:59:56,996 [ 209919]   INFO - il.indexing.FileBasedIndexImpl - START INDEX SHUTDOWN 
2018-11-11 11:59:57,063 [ 209986]   INFO - il.indexing.FileBasedIndexImpl - END INDEX SHUTDOWN 
2018-11-11 11:59:57,067 [ 209990]   INFO - org.jetbrains.io.BuiltInServer - web server stopped 
2018-11-11 11:59:57,105 [ 210028]   INFO - Types.impl.FileTypeManagerImpl - FileTypeManager: 1 auto-detected files
Elapsed time on auto-detect: 25 ms 
2018-11-11 11:59:57,169 [ 210092]   INFO - pl.local.NativeFileWatcherImpl - Watcher terminated with exit code 0 
2018-11-11 11:59:57,175 [ 210098]  ERROR - ij.components.ComponentManager - null 
java.lang.NullPointerException
	at com.maddyhome.idea.vim.EventFacade.getTypedAction(EventFacade.java:125)
	at com.maddyhome.idea.vim.EventFacade.restoreTypedActionHandler(EventFacade.java:69)
	at com.maddyhome.idea.vim.VimPlugin.disposeComponent(VimPlugin.java:181)
	at com.intellij.openapi.components.impl.ComponentManagerImpl.disposeComponents(ComponentManagerImpl.java:136)
	at com.intellij.openapi.application.impl.ApplicationImpl.dispose(ApplicationImpl.java:494)
	at com.intellij.openapi.util.Disposer$1.execute(Disposer.java:48)
	at com.intellij.openapi.util.Disposer$1.execute(Disposer.java:44)
	at com.intellij.openapi.util.objectTree.ObjectNode$1.execute(ObjectNode.java:138)
	at com.intellij.openapi.util.objectTree.ObjectNode$1.execute(ObjectNode.java:107)
	at com.intellij.openapi.util.objectTree.ObjectTree.executeActionWithRecursiveGuard(ObjectTree.java:182)
	at com.intellij.openapi.util.objectTree.ObjectNode.execute(ObjectNode.java:107)
	at com.intellij.openapi.util.objectTree.ObjectTree.executeAll(ObjectTree.java:151)
	at com.intellij.openapi.util.Disposer.dispose(Disposer.java:129)
	at com.intellij.openapi.util.Disposer.dispose(Disposer.java:125)
	at com.intellij.openapi.application.impl.ApplicationImpl.lambda$disposeSelf$7(ApplicationImpl.java:253)
	at com.intellij.openapi.application.impl.ApplicationImpl.runWriteAction(ApplicationImpl.java:1038)
	at com.intellij.openapi.application.impl.ApplicationImpl.disposeSelf(ApplicationImpl.java:253)
	at com.intellij.openapi.application.impl.ApplicationImpl.doExit(ApplicationImpl.java:800)
	at com.intellij.openapi.application.impl.ApplicationImpl.exit(ApplicationImpl.java:770)
	at com.intellij.openapi.application.impl.ApplicationImpl.exit(ApplicationImpl.java:759)
	at com.intellij.openapi.application.impl.ApplicationImpl.exit(ApplicationImpl.java:755)
	at com.intellij.openapi.application.impl.ApplicationImpl.exit(ApplicationImpl.java:722)
	at com.intellij.openapi.application.impl.ApplicationImpl.exit(ApplicationImpl.java:717)
	at com.intellij.openapi.wm.impl.IdeFrameImpl$3.windowClosing(IdeFrameImpl.java:275)
	at java.awt.AWTEventMulticaster.windowClosing(AWTEventMulticaster.java:349)
	at java.awt.Window.processWindowEvent(Window.java:2054)
	at javax.swing.JFrame.processWindowEvent(JFrame.java:305)
	at java.awt.Window.processEvent(Window.java:2013)
	at java.awt.Component.dispatchEventImpl(Component.java:4903)
	at java.awt.Container.dispatchEventImpl(Container.java:2295)
	at java.awt.Window.dispatchEventImpl(Window.java:2746)
	at java.awt.Component.dispatchEvent(Component.java:4725)
	at java.awt.EventQueue.dispatchEventImpl(EventQueue.java:764)
	at java.awt.EventQueue.access$500(EventQueue.java:98)
	at java.awt.EventQueue$3.run(EventQueue.java:715)
	at java.awt.EventQueue$3.run(EventQueue.java:709)
	at java.security.AccessController.doPrivileged(Native Method)
	at java.security.ProtectionDomain$JavaSecurityAccessImpl.doIntersectionPrivilege(ProtectionDomain.java:80)
	at java.security.ProtectionDomain$JavaSecurityAccessImpl.doIntersectionPrivilege(ProtectionDomain.java:90)
	at java.awt.EventQueue$4.run(EventQueue.java:737)
	at java.awt.EventQueue$4.run(EventQueue.java:735)
	at java.security.AccessController.doPrivileged(Native Method)
	at java.security.ProtectionDomain$JavaSecurityAccessImpl.doIntersectionPrivilege(ProtectionDomain.java:80)
	at java.awt.EventQueue.dispatchEvent(EventQueue.java:734)
	at com.intellij.ide.IdeEventQueue.defaultDispatchEvent(IdeEventQueue.java:781)
	at com.intellij.ide.IdeEventQueue._dispatchEvent(IdeEventQueue.java:722)
	at com.intellij.ide.IdeEventQueue.dispatchEvent(IdeEventQueue.java:382)
	at java.awt.EventDispatchThread.pumpOneEventForFilters(EventDispatchThread.java:201)
	at java.awt.EventDispatchThread.pumpEventsForFilter(EventDispatchThread.java:116)
	at java.awt.EventDispatchThread.pumpEventsForHierarchy(EventDispatchThread.java:105)
	at java.awt.EventDispatchThread.pumpEvents(EventDispatchThread.java:101)
	at java.awt.EventDispatchThread.pumpEvents(EventDispatchThread.java:93)
	at java.awt.EventDispatchThread.run(EventDispatchThread.java:82)
2018-11-11 11:59:57,177 [ 210100]  ERROR - ij.components.ComponentManager - IntelliJ IDEA 2018.2.5  Build #IU-182.4892.20 
2018-11-11 11:59:57,178 [ 210101]  ERROR - ij.components.ComponentManager - JDK: 1.8.0_152-release 
2018-11-11 11:59:57,178 [ 210101]  ERROR - ij.components.ComponentManager - VM: OpenJDK 64-Bit Server VM 
2018-11-11 11:59:57,178 [ 210101]  ERROR - ij.components.ComponentManager - Vendor: JetBrains s.r.o 
2018-11-11 11:59:57,178 [ 210101]  ERROR - ij.components.ComponentManager - OS: Windows 10 
2018-11-11 11:59:57,178 [ 210101]   INFO - newvfs.persistent.PersistentFS - VFS dispose started 
2018-11-11 11:59:57,290 [ 210213]   INFO - newvfs.persistent.PersistentFS - VFS dispose completed 
2018-11-11 11:59:57,292 [ 210215]   INFO -        #com.intellij.idea.Main - ------------------------------------------------------ IDE SHUTDOWN ------------------------------------------------------ 
2018-11-11 11:59:57,300 [ 210223]   INFO - org.jetbrains.io.BuiltInServer - web server stopped 
