2018-09-10 15:41:51,424 [      0]   INFO - etbrains.jps.cmdline.BuildMain - ==================================================
2018-09-10 15:41:51,425 [      1]   INFO - etbrains.jps.cmdline.BuildMain - Build process started. Classpath: D:/DevOps/IDE/ideaIU-2018.1.4.win/lib/jps-launcher.jar;D:/DevOps/Lang/Java/JDK9/jdk-9.0.4/lib/tools.jar;D:/DevOps/IDE/ideaIU-2018.1.4.win/lib/optimizedFileManager.jar
2018-09-10 15:41:51,932 [    508]   INFO - til.internal.PlatformDependent - Your platform does not provide complete low-level API for accessing direct buffers reliably. Unless explicitly requested, heap buffer will always be preferred to avoid potential system instability.
2018-09-10 15:41:53,025 [   1601]   INFO - etbrains.jps.cmdline.BuildMain - Connection to IDE established in 1506 ms
2018-09-10 15:41:53,846 [   2422]   INFO - jps.cmdline.JpsModelLoaderImpl - Loading model: project path = D:/DevOps/IDE/IdeaProjects/test, global options path = C:/Users/gson/.IntelliJIdea2018.2/config/options
2018-09-10 15:41:55,083 [   3659]   INFO - jps.cmdline.JpsModelLoaderImpl - Model loaded in 1237 ms
2018-09-10 15:41:55,083 [   3659]   INFO - jps.cmdline.JpsModelLoaderImpl - Project has 1 modules, 0 libraries
2018-09-10 15:41:55,330 [   3906]   INFO - ellij.util.io.PagedFileStorage - lower=100; upper=500; buffer=10; max=680
2018-09-10 15:41:55,618 [   4194]   INFO - .incremental.IncProjectBuilder - Building project; isRebuild:true; isMake:false parallel compilation:false
2018-09-10 15:41:55,624 [   4200]   INFO - kotlin.jps.build.KotlinBuilder - is Kotlin incremental compilation enabled: true
2018-09-10 15:41:55,634 [   4210]   INFO - kotlin.jps.build.KotlinBuilder - is Kotlin compiler daemon enabled: true
2018-09-10 15:41:55,634 [   4210]   INFO - kotlin.jps.build.KotlinBuilder - Label in local history: build started 6c39c7de
2018-09-10 15:41:55,679 [   4255]   INFO - s.index.CompilerReferenceIndex - backward reference index version differ due to: class java.io.FileNotFoundException
2018-09-10 15:41:55,821 [   4397]   INFO - .incremental.IncProjectBuilder - Cleaned output directories in 14 ms
2018-09-10 15:41:56,135 [   4711]   INFO - s.incremental.java.JavaBuilder - Compiling 1 java files; module: test
2018-09-10 15:41:58,702 [   7278]   INFO - penapi.util.io.win32.IdeaWin32 - Native filesystem for Windows is operational
2018-09-10 15:41:58,756 [   7332]   INFO - rains.jps.cmdline.BuildSession - Build duration: 'Kotlin Builder' builder took 78 ms, 0 sources processed
2018-09-10 15:41:58,757 [   7333]   INFO - rains.jps.cmdline.BuildSession - Build duration: 'NotNull instrumentation' builder took 51 ms, 0 sources processed
2018-09-10 15:41:58,757 [   7333]   INFO - rains.jps.cmdline.BuildSession - Build duration: 'java' builder took 2335 ms, 1 sources processed (2335ms per file)
2018-09-10 15:41:58,769 [   7345]   INFO - s.incremental.java.JavaBuilder - javac 9.0.4 was used to compile [test]
2018-09-10 15:42:00,855 [      0]   INFO - etbrains.jps.cmdline.BuildMain - ==================================================
2018-09-10 15:42:00,857 [      2]   INFO - etbrains.jps.cmdline.BuildMain - Build process started. Classpath: D:/DevOps/IDE/ideaIU-2018.1.4.win/lib/jps-launcher.jar;D:/DevOps/Lang/Java/JDK9/jdk-9.0.4/lib/tools.jar;D:/DevOps/IDE/ideaIU-2018.1.4.win/lib/optimizedFileManager.jar
2018-09-10 15:42:01,583 [    728]   INFO - til.internal.PlatformDependent - Your platform does not provide complete low-level API for accessing direct buffers reliably. Unless explicitly requested, heap buffer will always be preferred to avoid potential system instability.
2018-09-10 15:42:02,983 [   2128]   INFO - etbrains.jps.cmdline.BuildMain - Connection to IDE established in 2051 ms
2018-09-10 15:42:03,012 [   2157]   INFO - penapi.util.io.win32.IdeaWin32 - Native filesystem for Windows is operational
2018-09-10 15:42:03,098 [   2243]   INFO - jps.cmdline.JpsModelLoaderImpl - Loading model: project path = D:/DevOps/IDE/IdeaProjects/test, global options path = C:/Users/gson/.IntelliJIdea2018.2/config/options
2018-09-10 15:42:04,011 [   3156]   INFO - jps.cmdline.JpsModelLoaderImpl - Model loaded in 913 ms
2018-09-10 15:42:04,012 [   3157]   INFO - jps.cmdline.JpsModelLoaderImpl - Project has 1 modules, 0 libraries
2018-09-10 15:42:04,304 [   3449]   INFO - ellij.util.io.PagedFileStorage - lower=100; upper=500; buffer=10; max=680
2018-09-10 15:42:04,599 [   3744]   INFO - etbrains.jps.cmdline.BuildMain - Pre-loaded process ready in 3746 ms
2018-09-10 15:43:48,638 [ 107783]   INFO - etbrains.jps.cmdline.BuildMain - Build canceled, but no build session is running. Exiting.
2018-09-10 15:44:29,596 [      0]   INFO - etbrains.jps.cmdline.BuildMain - ==================================================
2018-09-10 15:44:29,600 [      4]   INFO - etbrains.jps.cmdline.BuildMain - Build process started. Classpath: D:/DevOps/IDE/ideaIU-2018.1.4.win/lib/jps-launcher.jar;D:/DevOps/Lang/Java/JDK9/jdk-9.0.4/lib/tools.jar;D:/DevOps/IDE/ideaIU-2018.1.4.win/lib/optimizedFileManager.jar
2018-09-10 15:44:29,963 [    367]   INFO - til.internal.PlatformDependent - Your platform does not provide complete low-level API for accessing direct buffers reliably. Unless explicitly requested, heap buffer will always be preferred to avoid potential system instability.
2018-09-10 15:44:33,652 [   4056]   INFO - etbrains.jps.cmdline.BuildMain - Connection to IDE established in 3969 ms
2018-09-10 15:44:36,371 [   6775]   INFO - jps.cmdline.JpsModelLoaderImpl - Loading model: project path = D:/DevOps/IDE/IdeaProjects/test, global options path = C:/Users/gson/.IntelliJIdea2018.2/config/options
2018-09-10 15:44:38,683 [   9087]   INFO - jps.cmdline.JpsModelLoaderImpl - Model loaded in 2312 ms
2018-09-10 15:44:38,683 [   9087]   INFO - jps.cmdline.JpsModelLoaderImpl - Project has 1 modules, 0 libraries
2018-09-10 15:44:40,200 [  10604]   INFO - ellij.util.io.PagedFileStorage - lower=100; upper=500; buffer=10; max=680
2018-09-10 15:44:41,332 [  11736]   INFO - penapi.util.io.win32.IdeaWin32 - Native filesystem for Windows is operational
2018-09-10 15:44:48,262 [      0]   INFO - etbrains.jps.cmdline.BuildMain - ==================================================
2018-09-10 15:44:48,268 [      6]   INFO - etbrains.jps.cmdline.BuildMain - Build process started. Classpath: D:/DevOps/IDE/ideaIU-2018.1.4.win/lib/jps-launcher.jar;D:/DevOps/Lang/Java/JDK9/jdk-9.0.4/lib/tools.jar;D:/DevOps/IDE/ideaIU-2018.1.4.win/lib/optimizedFileManager.jar
2018-09-10 15:44:48,523 [    261]   INFO - til.internal.PlatformDependent - Your platform does not provide complete low-level API for accessing direct buffers reliably. Unless explicitly requested, heap buffer will always be preferred to avoid potential system instability.
2018-09-10 15:44:49,208 [    946]   INFO - etbrains.jps.cmdline.BuildMain - Connection to IDE established in 879 ms
2018-09-10 15:44:49,231 [    969]   INFO - penapi.util.io.win32.IdeaWin32 - Native filesystem for Windows is operational
2018-09-10 15:44:49,262 [   1000]   INFO - jps.cmdline.JpsModelLoaderImpl - Loading model: project path = D:/DevOps/IDE/IdeaProjects/test, global options path = C:/Users/gson/.IntelliJIdea2018.2/config/options
2018-09-10 15:44:51,315 [   3053]   INFO - jps.cmdline.JpsModelLoaderImpl - Model loaded in 2053 ms
2018-09-10 15:44:51,316 [   3054]   INFO - jps.cmdline.JpsModelLoaderImpl - Project has 1 modules, 0 libraries
2018-09-10 15:44:51,834 [   3572]   INFO - ellij.util.io.PagedFileStorage - lower=100; upper=500; buffer=10; max=680
2018-09-10 15:44:52,200 [   3938]   INFO - etbrains.jps.cmdline.BuildMain - Pre-loaded process ready in 3941 ms
2018-09-10 15:45:10,614 [  22352]   INFO - rains.jps.cmdline.BuildSession - No changes found since last build. Exiting.
2018-09-10 15:45:13,156 [      0]   INFO - etbrains.jps.cmdline.BuildMain - ==================================================
2018-09-10 15:45:13,158 [      2]   INFO - etbrains.jps.cmdline.BuildMain - Build process started. Classpath: D:/DevOps/IDE/ideaIU-2018.1.4.win/lib/jps-launcher.jar;D:/DevOps/Lang/Java/JDK9/jdk-9.0.4/lib/tools.jar;D:/DevOps/IDE/ideaIU-2018.1.4.win/lib/optimizedFileManager.jar
2018-09-10 15:45:13,487 [    331]   INFO - til.internal.PlatformDependent - Your platform does not provide complete low-level API for accessing direct buffers reliably. Unless explicitly requested, heap buffer will always be preferred to avoid potential system instability.
2018-09-10 15:45:14,127 [    971]   INFO - etbrains.jps.cmdline.BuildMain - Connection to IDE established in 858 ms
2018-09-10 15:45:14,149 [    993]   INFO - penapi.util.io.win32.IdeaWin32 - Native filesystem for Windows is operational
2018-09-10 15:45:14,185 [   1029]   INFO - jps.cmdline.JpsModelLoaderImpl - Loading model: project path = D:/DevOps/IDE/IdeaProjects/test, global options path = C:/Users/gson/.IntelliJIdea2018.2/config/options
2018-09-10 15:45:14,942 [   1786]   INFO - jps.cmdline.JpsModelLoaderImpl - Model loaded in 757 ms
2018-09-10 15:45:14,943 [   1787]   INFO - jps.cmdline.JpsModelLoaderImpl - Project has 1 modules, 0 libraries
2018-09-10 15:45:15,434 [   2278]   INFO - ellij.util.io.PagedFileStorage - lower=100; upper=500; buffer=10; max=680
2018-09-10 15:45:15,632 [   2476]   INFO - etbrains.jps.cmdline.BuildMain - Pre-loaded process ready in 2478 ms
2018-09-10 15:47:18,827 [ 125671]   INFO - etbrains.jps.cmdline.BuildMain - Build canceled, but no build session is running. Exiting.
2018-09-10 15:52:30,159 [      0]   INFO - etbrains.jps.cmdline.BuildMain - ==================================================
2018-09-10 15:52:30,161 [      2]   INFO - etbrains.jps.cmdline.BuildMain - Build process started. Classpath: D:/DevOps/IDE/ideaIU-2018.1.4.win/lib/jps-launcher.jar;D:/DevOps/Lang/Java/JDK9/jdk-9.0.4/lib/tools.jar;D:/DevOps/IDE/ideaIU-2018.1.4.win/lib/optimizedFileManager.jar
2018-09-10 15:52:30,462 [    303]   INFO - til.internal.PlatformDependent - Your platform does not provide complete low-level API for accessing direct buffers reliably. Unless explicitly requested, heap buffer will always be preferred to avoid potential system instability.
2018-09-10 15:52:31,602 [   1443]   INFO - etbrains.jps.cmdline.BuildMain - Connection to IDE established in 1366 ms
2018-09-10 15:52:35,354 [   5195]   INFO - jps.cmdline.JpsModelLoaderImpl - Loading model: project path = D:/DevOps/IDE/IdeaProjects/test, global options path = C:/Users/gson/.IntelliJIdea2018.2/config/options
2018-09-10 15:52:41,162 [  11003]   INFO - jps.cmdline.JpsModelLoaderImpl - Model loaded in 5807 ms
2018-09-10 15:52:41,162 [  11003]   INFO - jps.cmdline.JpsModelLoaderImpl - Project has 1 modules, 0 libraries
2018-09-10 15:52:41,612 [  11453]   INFO - ellij.util.io.PagedFileStorage - lower=100; upper=500; buffer=10; max=680
2018-09-10 15:52:42,722 [  12563]   INFO - penapi.util.io.win32.IdeaWin32 - Native filesystem for Windows is operational
2018-09-10 15:52:49,301 [      1]   INFO - etbrains.jps.cmdline.BuildMain - ==================================================
2018-09-10 15:52:49,302 [      2]   INFO - etbrains.jps.cmdline.BuildMain - Build process started. Classpath: D:/DevOps/IDE/ideaIU-2018.1.4.win/lib/jps-launcher.jar;D:/DevOps/Lang/Java/JDK9/jdk-9.0.4/lib/tools.jar;D:/DevOps/IDE/ideaIU-2018.1.4.win/lib/optimizedFileManager.jar
2018-09-10 15:52:49,570 [    270]   INFO - til.internal.PlatformDependent - Your platform does not provide complete low-level API for accessing direct buffers reliably. Unless explicitly requested, heap buffer will always be preferred to avoid potential system instability.
2018-09-10 15:52:50,139 [    839]   INFO - etbrains.jps.cmdline.BuildMain - Connection to IDE established in 759 ms
2018-09-10 15:52:50,158 [    858]   INFO - penapi.util.io.win32.IdeaWin32 - Native filesystem for Windows is operational
2018-09-10 15:52:50,191 [    891]   INFO - jps.cmdline.JpsModelLoaderImpl - Loading model: project path = D:/DevOps/IDE/IdeaProjects/test, global options path = C:/Users/gson/.IntelliJIdea2018.2/config/options
2018-09-10 15:52:51,287 [   1987]   INFO - jps.cmdline.JpsModelLoaderImpl - Model loaded in 1096 ms
2018-09-10 15:52:51,287 [   1987]   INFO - jps.cmdline.JpsModelLoaderImpl - Project has 1 modules, 0 libraries
2018-09-10 15:52:51,524 [   2224]   INFO - ellij.util.io.PagedFileStorage - lower=100; upper=500; buffer=10; max=680
2018-09-10 15:52:52,180 [   2880]   INFO - etbrains.jps.cmdline.BuildMain - Pre-loaded process ready in 2884 ms
2018-09-10 15:53:02,158 [  12858]   INFO - rains.jps.cmdline.BuildSession - No changes found since last build. Exiting.
2018-09-10 15:53:04,052 [      0]   INFO - etbrains.jps.cmdline.BuildMain - ==================================================
2018-09-10 15:53:04,053 [      1]   INFO - etbrains.jps.cmdline.BuildMain - Build process started. Classpath: D:/DevOps/IDE/ideaIU-2018.1.4.win/lib/jps-launcher.jar;D:/DevOps/Lang/Java/JDK9/jdk-9.0.4/lib/tools.jar;D:/DevOps/IDE/ideaIU-2018.1.4.win/lib/optimizedFileManager.jar
2018-09-10 15:53:04,236 [    184]   INFO - til.internal.PlatformDependent - Your platform does not provide complete low-level API for accessing direct buffers reliably. Unless explicitly requested, heap buffer will always be preferred to avoid potential system instability.
2018-09-10 15:53:04,653 [    601]   INFO - etbrains.jps.cmdline.BuildMain - Connection to IDE established in 555 ms
2018-09-10 15:53:04,671 [    619]   INFO - penapi.util.io.win32.IdeaWin32 - Native filesystem for Windows is operational
2018-09-10 15:53:04,696 [    644]   INFO - jps.cmdline.JpsModelLoaderImpl - Loading model: project path = D:/DevOps/IDE/IdeaProjects/test, global options path = C:/Users/gson/.IntelliJIdea2018.2/config/options
2018-09-10 15:53:05,156 [   1104]   INFO - jps.cmdline.JpsModelLoaderImpl - Model loaded in 460 ms
2018-09-10 15:53:05,156 [   1104]   INFO - jps.cmdline.JpsModelLoaderImpl - Project has 1 modules, 0 libraries
2018-09-10 15:53:05,480 [   1428]   INFO - ellij.util.io.PagedFileStorage - lower=100; upper=500; buffer=10; max=680
2018-09-10 15:53:05,700 [   1648]   INFO - etbrains.jps.cmdline.BuildMain - Pre-loaded process ready in 1651 ms
2018-09-10 17:32:43,704 [5979652]   INFO - etbrains.jps.cmdline.BuildMain - Build canceled, but no build session is running. Exiting.
2018-09-10 17:51:07,804 [      0]   INFO - etbrains.jps.cmdline.BuildMain - ==================================================
2018-09-10 17:51:07,805 [      1]   INFO - etbrains.jps.cmdline.BuildMain - Build process started. Classpath: D:/DevOps/IDE/ideaIU-2018.1.4.win/lib/jps-launcher.jar;D:/DevOps/Lang/Java/JDK9/jdk-9.0.4/lib/tools.jar;D:/DevOps/IDE/ideaIU-2018.1.4.win/lib/optimizedFileManager.jar
2018-09-10 17:51:08,273 [    469]   INFO - til.internal.PlatformDependent - Your platform does not provide complete low-level API for accessing direct buffers reliably. Unless explicitly requested, heap buffer will always be preferred to avoid potential system instability.
2018-09-10 17:51:12,475 [   4671]   INFO - etbrains.jps.cmdline.BuildMain - Connection to IDE established in 4600 ms
2018-09-10 17:51:13,809 [   6005]   INFO - jps.cmdline.JpsModelLoaderImpl - Loading model: project path = D:/DevOps/IDE/IdeaProjects/test, global options path = C:/Users/gson/.IntelliJIdea2018.2/config/options
2018-09-10 17:51:20,210 [  12406]   INFO - jps.cmdline.JpsModelLoaderImpl - Model loaded in 6401 ms
2018-09-10 17:51:20,211 [  12407]   INFO - jps.cmdline.JpsModelLoaderImpl - Project has 1 modules, 0 libraries
2018-09-10 17:51:21,073 [  13269]   INFO - ellij.util.io.PagedFileStorage - lower=100; upper=500; buffer=10; max=680
2018-09-10 17:51:21,956 [  14152]   INFO - penapi.util.io.win32.IdeaWin32 - Native filesystem for Windows is operational
2018-09-10 17:51:24,816 [      0]   INFO - etbrains.jps.cmdline.BuildMain - ==================================================
2018-09-10 17:51:24,817 [      1]   INFO - etbrains.jps.cmdline.BuildMain - Build process started. Classpath: D:/DevOps/IDE/ideaIU-2018.1.4.win/lib/jps-launcher.jar;D:/DevOps/Lang/Java/JDK9/jdk-9.0.4/lib/tools.jar;D:/DevOps/IDE/ideaIU-2018.1.4.win/lib/optimizedFileManager.jar
2018-09-10 17:51:25,038 [    222]   INFO - til.internal.PlatformDependent - Your platform does not provide complete low-level API for accessing direct buffers reliably. Unless explicitly requested, heap buffer will always be preferred to avoid potential system instability.
2018-09-10 17:51:25,849 [   1033]   INFO - etbrains.jps.cmdline.BuildMain - Connection to IDE established in 971 ms
2018-09-10 17:51:25,884 [   1068]   INFO - penapi.util.io.win32.IdeaWin32 - Native filesystem for Windows is operational
2018-09-10 17:51:25,935 [   1119]   INFO - jps.cmdline.JpsModelLoaderImpl - Loading model: project path = D:/DevOps/IDE/IdeaProjects/test, global options path = C:/Users/gson/.IntelliJIdea2018.2/config/options
2018-09-10 17:51:27,381 [   2565]   INFO - jps.cmdline.JpsModelLoaderImpl - Model loaded in 1445 ms
2018-09-10 17:51:27,382 [   2566]   INFO - jps.cmdline.JpsModelLoaderImpl - Project has 1 modules, 0 libraries
2018-09-10 17:51:27,817 [   3001]   INFO - ellij.util.io.PagedFileStorage - lower=100; upper=500; buffer=10; max=680
2018-09-10 17:51:28,177 [   3361]   INFO - etbrains.jps.cmdline.BuildMain - Pre-loaded process ready in 3364 ms
2018-09-10 17:57:23,688 [ 358872]   INFO - etbrains.jps.cmdline.BuildMain - Build canceled, but no build session is running. Exiting.
2018-09-10 18:05:10,212 [      0]   INFO - etbrains.jps.cmdline.BuildMain - ==================================================
2018-09-10 18:05:10,215 [      3]   INFO - etbrains.jps.cmdline.BuildMain - Build process started. Classpath: D:/DevOps/IDE/ideaIU-2018.1.4.win/lib/jps-launcher.jar;D:/DevOps/Lang/Java/JDK9/jdk-9.0.4/lib/tools.jar;D:/DevOps/IDE/ideaIU-2018.1.4.win/lib/optimizedFileManager.jar
2018-09-10 18:05:10,624 [    412]   INFO - til.internal.PlatformDependent - Your platform does not provide complete low-level API for accessing direct buffers reliably. Unless explicitly requested, heap buffer will always be preferred to avoid potential system instability.
2018-09-10 18:05:11,564 [   1352]   INFO - etbrains.jps.cmdline.BuildMain - Connection to IDE established in 1228 ms
2018-09-10 18:05:12,680 [   2468]   INFO - jps.cmdline.JpsModelLoaderImpl - Loading model: project path = D:/DevOps/IDE/IdeaProjects/test, global options path = C:/Users/gson/.IntelliJIdea2018.2/config/options
2018-09-10 18:05:14,023 [   3811]   INFO - jps.cmdline.JpsModelLoaderImpl - Model loaded in 1343 ms
2018-09-10 18:05:14,023 [   3811]   INFO - jps.cmdline.JpsModelLoaderImpl - Project has 1 modules, 0 libraries
2018-09-10 18:05:14,338 [   4126]   INFO - ellij.util.io.PagedFileStorage - lower=100; upper=500; buffer=10; max=680
2018-09-10 18:05:15,213 [   5001]   INFO - penapi.util.io.win32.IdeaWin32 - Native filesystem for Windows is operational
2018-09-10 18:05:22,821 [      0]   INFO - etbrains.jps.cmdline.BuildMain - ==================================================
2018-09-10 18:05:22,823 [      2]   INFO - etbrains.jps.cmdline.BuildMain - Build process started. Classpath: D:/DevOps/IDE/ideaIU-2018.1.4.win/lib/jps-launcher.jar;D:/DevOps/Lang/Java/JDK9/jdk-9.0.4/lib/tools.jar;D:/DevOps/IDE/ideaIU-2018.1.4.win/lib/optimizedFileManager.jar
2018-09-10 18:05:24,296 [   1475]   INFO - til.internal.PlatformDependent - Your platform does not provide complete low-level API for accessing direct buffers reliably. Unless explicitly requested, heap buffer will always be preferred to avoid potential system instability.
2018-09-10 18:05:25,313 [   2492]   INFO - etbrains.jps.cmdline.BuildMain - Connection to IDE established in 2285 ms
2018-09-10 18:05:25,327 [   2506]   INFO - penapi.util.io.win32.IdeaWin32 - Native filesystem for Windows is operational
2018-09-10 18:05:25,354 [   2533]   INFO - jps.cmdline.JpsModelLoaderImpl - Loading model: project path = D:/DevOps/IDE/IdeaProjects/test, global options path = C:/Users/gson/.IntelliJIdea2018.2/config/options
2018-09-10 18:05:27,299 [   4478]   INFO - jps.cmdline.JpsModelLoaderImpl - Model loaded in 1945 ms
2018-09-10 18:05:27,299 [   4478]   INFO - jps.cmdline.JpsModelLoaderImpl - Project has 1 modules, 0 libraries
2018-09-10 18:05:28,619 [   5798]   INFO - ellij.util.io.PagedFileStorage - lower=100; upper=500; buffer=10; max=680
2018-09-10 18:05:30,243 [   7422]   INFO - etbrains.jps.cmdline.BuildMain - Pre-loaded process ready in 7426 ms
2018-09-10 18:06:18,345 [  55524]   INFO - etbrains.jps.cmdline.BuildMain - Build canceled, but no build session is running. Exiting.
2018-09-10 18:07:09,941 [      0]   INFO - etbrains.jps.cmdline.BuildMain - ==================================================
2018-09-10 18:07:09,942 [      1]   INFO - etbrains.jps.cmdline.BuildMain - Build process started. Classpath: D:/DevOps/IDE/ideaIU-2018.1.4.win/lib/jps-launcher.jar;D:/DevOps/Lang/Java/JDK9/jdk-9.0.4/lib/tools.jar;D:/DevOps/IDE/ideaIU-2018.1.4.win/lib/optimizedFileManager.jar
2018-09-10 18:07:10,736 [    795]   INFO - til.internal.PlatformDependent - Your platform does not provide complete low-level API for accessing direct buffers reliably. Unless explicitly requested, heap buffer will always be preferred to avoid potential system instability.
2018-09-10 18:07:15,411 [   5470]   INFO - etbrains.jps.cmdline.BuildMain - Connection to IDE established in 4999 ms
2018-09-10 18:07:17,856 [   7915]   INFO - jps.cmdline.JpsModelLoaderImpl - Loading model: project path = D:/DevOps/IDE/IdeaProjects/test, global options path = C:/Users/gson/.IntelliJIdea2018.2/config/options
2018-09-10 18:07:21,592 [  11651]   INFO - jps.cmdline.JpsModelLoaderImpl - Model loaded in 3734 ms
2018-09-10 18:07:21,592 [  11651]   INFO - jps.cmdline.JpsModelLoaderImpl - Project has 1 modules, 0 libraries
2018-09-10 18:07:22,135 [  12194]   INFO - ellij.util.io.PagedFileStorage - lower=100; upper=500; buffer=10; max=680
2018-09-10 18:07:22,587 [  12646]   INFO - penapi.util.io.win32.IdeaWin32 - Native filesystem for Windows is operational
2018-09-10 18:07:23,456 [      1]   INFO - etbrains.jps.cmdline.BuildMain - ==================================================
2018-09-10 18:07:23,456 [      1]   INFO - etbrains.jps.cmdline.BuildMain - Build process started. Classpath: D:/DevOps/IDE/ideaIU-2018.1.4.win/lib/jps-launcher.jar;D:/DevOps/Lang/Java/JDK9/jdk-9.0.4/lib/tools.jar;D:/DevOps/IDE/ideaIU-2018.1.4.win/lib/optimizedFileManager.jar
2018-09-10 18:07:23,608 [    153]   INFO - til.internal.PlatformDependent - Your platform does not provide complete low-level API for accessing direct buffers reliably. Unless explicitly requested, heap buffer will always be preferred to avoid potential system instability.
2018-09-10 18:07:24,080 [    625]   INFO - etbrains.jps.cmdline.BuildMain - Connection to IDE established in 586 ms
2018-09-10 18:07:24,094 [    639]   INFO - penapi.util.io.win32.IdeaWin32 - Native filesystem for Windows is operational
2018-09-10 18:07:24,120 [    665]   INFO - jps.cmdline.JpsModelLoaderImpl - Loading model: project path = D:/DevOps/IDE/IdeaProjects/test, global options path = C:/Users/gson/.IntelliJIdea2018.2/config/options
2018-09-10 18:07:24,613 [   1158]   INFO - jps.cmdline.JpsModelLoaderImpl - Model loaded in 493 ms
2018-09-10 18:07:24,613 [   1158]   INFO - jps.cmdline.JpsModelLoaderImpl - Project has 1 modules, 0 libraries
2018-09-10 18:07:24,826 [   1371]   INFO - ellij.util.io.PagedFileStorage - lower=100; upper=500; buffer=10; max=680
2018-09-10 18:07:25,035 [   1580]   INFO - etbrains.jps.cmdline.BuildMain - Pre-loaded process ready in 1584 ms
2018-09-10 18:08:37,760 [  74305]   INFO - etbrains.jps.cmdline.BuildMain - Build canceled, but no build session is running. Exiting.
2018-09-10 18:24:25,528 [      0]   INFO - etbrains.jps.cmdline.BuildMain - ==================================================
2018-09-10 18:24:25,539 [     11]   INFO - etbrains.jps.cmdline.BuildMain - Build process started. Classpath: D:/DevOps/IDE/ideaIU-2018.1.4.win/lib/jps-launcher.jar;D:/DevOps/Lang/Java/JDK9/jdk-9.0.4/lib/tools.jar;D:/DevOps/IDE/ideaIU-2018.1.4.win/lib/optimizedFileManager.jar
2018-09-10 18:24:26,036 [    508]   INFO - til.internal.PlatformDependent - Your platform does not provide complete low-level API for accessing direct buffers reliably. Unless explicitly requested, heap buffer will always be preferred to avoid potential system instability.
2018-09-10 18:24:27,109 [   1581]   INFO - etbrains.jps.cmdline.BuildMain - Connection to IDE established in 1456 ms
2018-09-10 18:24:27,708 [   2180]   INFO - jps.cmdline.JpsModelLoaderImpl - Loading model: project path = D:/DevOps/IDE/IdeaProjects/test, global options path = C:/Users/gson/.IntelliJIdea2018.2/config/options
2018-09-10 18:24:28,754 [   3226]   INFO - jps.cmdline.JpsModelLoaderImpl - Model loaded in 1046 ms
2018-09-10 18:24:28,755 [   3227]   INFO - jps.cmdline.JpsModelLoaderImpl - Project has 1 modules, 1 libraries
2018-09-10 18:24:29,039 [   3511]   INFO - ellij.util.io.PagedFileStorage - lower=100; upper=500; buffer=10; max=680
2018-09-10 18:24:40,171 [      0]   INFO - etbrains.jps.cmdline.BuildMain - ==================================================
2018-09-10 18:24:40,172 [      1]   INFO - etbrains.jps.cmdline.BuildMain - Build process started. Classpath: D:/DevOps/IDE/ideaIU-2018.1.4.win/lib/jps-launcher.jar;D:/DevOps/Lang/Java/JDK9/jdk-9.0.4/lib/tools.jar;D:/DevOps/IDE/ideaIU-2018.1.4.win/lib/optimizedFileManager.jar
2018-09-10 18:24:41,700 [   1529]   INFO - til.internal.PlatformDependent - Your platform does not provide complete low-level API for accessing direct buffers reliably. Unless explicitly requested, heap buffer will always be preferred to avoid potential system instability.
2018-09-10 18:24:42,939 [   2768]   INFO - etbrains.jps.cmdline.BuildMain - Connection to IDE established in 2281 ms
2018-09-10 18:24:42,963 [   2792]   INFO - penapi.util.io.win32.IdeaWin32 - Native filesystem for Windows is operational
2018-09-10 18:24:43,001 [   2830]   INFO - jps.cmdline.JpsModelLoaderImpl - Loading model: project path = D:/DevOps/IDE/IdeaProjects/test, global options path = C:/Users/gson/.IntelliJIdea2018.2/config/options
2018-09-10 18:24:43,751 [   3580]   INFO - jps.cmdline.JpsModelLoaderImpl - Model loaded in 750 ms
2018-09-10 18:24:43,751 [   3580]   INFO - jps.cmdline.JpsModelLoaderImpl - Project has 1 modules, 1 libraries
2018-09-10 18:24:44,041 [   3870]   INFO - ellij.util.io.PagedFileStorage - lower=100; upper=500; buffer=10; max=680
2018-09-10 18:24:45,708 [   5537]   INFO - etbrains.jps.cmdline.BuildMain - Pre-loaded process ready in 5539 ms
2018-09-10 18:25:07,763 [  27592]   INFO - etbrains.jps.cmdline.BuildMain - Build canceled, but no build session is running. Exiting.
2018-09-10 18:53:17,380 [      0]   INFO - etbrains.jps.cmdline.BuildMain - ==================================================
2018-09-10 18:53:17,382 [      2]   INFO - etbrains.jps.cmdline.BuildMain - Build process started. Classpath: D:/DevOps/IDE/ideaIU-2018.1.4.win/lib/jps-launcher.jar;D:/DevOps/Lang/Java/JDK9/jdk-9.0.4/lib/tools.jar;D:/DevOps/IDE/ideaIU-2018.1.4.win/lib/optimizedFileManager.jar
2018-09-10 18:53:17,871 [    491]   INFO - til.internal.PlatformDependent - Your platform does not provide complete low-level API for accessing direct buffers reliably. Unless explicitly requested, heap buffer will always be preferred to avoid potential system instability.
2018-09-10 18:53:18,819 [   1439]   INFO - etbrains.jps.cmdline.BuildMain - Connection to IDE established in 1362 ms
2018-09-10 18:53:19,539 [   2159]   INFO - jps.cmdline.JpsModelLoaderImpl - Loading model: project path = D:/DevOps/IDE/IdeaProjects/test, global options path = C:/Users/gson/.IntelliJIdea2018.2/config/options
2018-09-10 18:53:20,812 [   3432]   INFO - jps.cmdline.JpsModelLoaderImpl - Model loaded in 1273 ms
2018-09-10 18:53:20,812 [   3432]   INFO - jps.cmdline.JpsModelLoaderImpl - Project has 1 modules, 0 libraries
2018-09-10 18:53:21,142 [   3762]   INFO - ellij.util.io.PagedFileStorage - lower=100; upper=500; buffer=10; max=680
2018-09-10 18:53:28,821 [      0]   INFO - etbrains.jps.cmdline.BuildMain - ==================================================
2018-09-10 18:53:28,822 [      1]   INFO - etbrains.jps.cmdline.BuildMain - Build process started. Classpath: D:/DevOps/IDE/ideaIU-2018.1.4.win/lib/jps-launcher.jar;D:/DevOps/Lang/Java/JDK9/jdk-9.0.4/lib/tools.jar;D:/DevOps/IDE/ideaIU-2018.1.4.win/lib/optimizedFileManager.jar
2018-09-10 18:53:32,098 [   3277]   INFO - til.internal.PlatformDependent - Your platform does not provide complete low-level API for accessing direct buffers reliably. Unless explicitly requested, heap buffer will always be preferred to avoid potential system instability.
2018-09-10 18:53:33,568 [   4747]   INFO - etbrains.jps.cmdline.BuildMain - Connection to IDE established in 4026 ms
2018-09-10 18:53:33,596 [   4775]   INFO - penapi.util.io.win32.IdeaWin32 - Native filesystem for Windows is operational
2018-09-10 18:53:33,639 [   4818]   INFO - jps.cmdline.JpsModelLoaderImpl - Loading model: project path = D:/DevOps/IDE/IdeaProjects/test, global options path = C:/Users/gson/.IntelliJIdea2018.2/config/options
2018-09-10 18:53:36,837 [   8016]   INFO - jps.cmdline.JpsModelLoaderImpl - Model loaded in 3198 ms
2018-09-10 18:53:36,838 [   8017]   INFO - jps.cmdline.JpsModelLoaderImpl - Project has 1 modules, 0 libraries
2018-09-10 18:53:37,254 [   8433]   INFO - ellij.util.io.PagedFileStorage - lower=100; upper=500; buffer=10; max=680
2018-09-10 18:53:37,895 [   9074]   INFO - etbrains.jps.cmdline.BuildMain - Pre-loaded process ready in 9077 ms
2018-09-10 19:01:22,103 [ 473282]   INFO - etbrains.jps.cmdline.BuildMain - Build canceled, but no build session is running. Exiting.
2018-09-10 19:15:09,143 [      0]   INFO - etbrains.jps.cmdline.BuildMain - ==================================================
2018-09-10 19:15:09,144 [      1]   INFO - etbrains.jps.cmdline.BuildMain - Build process started. Classpath: D:/DevOps/IDE/ideaIU-2018.1.4.win/lib/jps-launcher.jar;D:/DevOps/Lang/Java/JDK9/jdk-9.0.4/lib/tools.jar;D:/DevOps/IDE/ideaIU-2018.1.4.win/lib/optimizedFileManager.jar
2018-09-10 19:15:09,323 [    180]   INFO - til.internal.PlatformDependent - Your platform does not provide complete low-level API for accessing direct buffers reliably. Unless explicitly requested, heap buffer will always be preferred to avoid potential system instability.
2018-09-10 19:15:09,786 [    643]   INFO - etbrains.jps.cmdline.BuildMain - Connection to IDE established in 604 ms
2018-09-10 19:15:09,996 [    853]   INFO - jps.cmdline.JpsModelLoaderImpl - Loading model: project path = C:/Users/gson/Downloads/教程配套源码/spring-cloud-microservice-in-action/test5, global options path = C:/Users/gson/.IntelliJIdea2018.2/config/options
2018-09-10 19:15:10,526 [   1383]   INFO - jps.cmdline.JpsModelLoaderImpl - Model loaded in 530 ms
2018-09-10 19:15:10,526 [   1383]   INFO - jps.cmdline.JpsModelLoaderImpl - Project has 1 modules, 0 libraries
2018-09-10 19:15:10,714 [   1571]   INFO - ellij.util.io.PagedFileStorage - lower=100; upper=500; buffer=10; max=680
2018-09-10 19:15:10,904 [   1761]   INFO - .incremental.IncProjectBuilder - Building project; isRebuild:true; isMake:false parallel compilation:false
2018-09-10 19:15:10,908 [   1765]   INFO - kotlin.jps.build.KotlinBuilder - is Kotlin incremental compilation enabled: true
2018-09-10 19:15:10,918 [   1775]   INFO - kotlin.jps.build.KotlinBuilder - is Kotlin compiler daemon enabled: true
2018-09-10 19:15:10,918 [   1775]   INFO - kotlin.jps.build.KotlinBuilder - Label in local history: build started cb19d2a3
2018-09-10 19:15:10,966 [   1823]   INFO - s.index.CompilerReferenceIndex - backward reference index version differ due to: class java.io.FileNotFoundException
2018-09-10 19:15:11,105 [   1962]   INFO - .incremental.IncProjectBuilder - Cleaned output directories in 18 ms
2018-09-10 19:15:11,350 [   2207]   INFO - s.incremental.java.JavaBuilder - Compiling 1 java files; module: test5
2018-09-10 19:15:12,279 [   3136]   INFO - s.incremental.java.JavaBuilder - javac 9.0.4 was used to compile [test5]
2018-09-10 19:15:12,401 [   3258]   INFO - penapi.util.io.win32.IdeaWin32 - Native filesystem for Windows is operational
2018-09-10 19:15:14,154 [      0]   INFO - etbrains.jps.cmdline.BuildMain - ==================================================
2018-09-10 19:15:14,155 [      1]   INFO - etbrains.jps.cmdline.BuildMain - Build process started. Classpath: D:/DevOps/IDE/ideaIU-2018.1.4.win/lib/jps-launcher.jar;D:/DevOps/Lang/Java/JDK9/jdk-9.0.4/lib/tools.jar;D:/DevOps/IDE/ideaIU-2018.1.4.win/lib/optimizedFileManager.jar
2018-09-10 19:15:14,396 [    242]   INFO - til.internal.PlatformDependent - Your platform does not provide complete low-level API for accessing direct buffers reliably. Unless explicitly requested, heap buffer will always be preferred to avoid potential system instability.
2018-09-10 19:15:15,369 [   1215]   INFO - etbrains.jps.cmdline.BuildMain - Connection to IDE established in 1162 ms
2018-09-10 19:15:15,437 [   1283]   INFO - penapi.util.io.win32.IdeaWin32 - Native filesystem for Windows is operational
2018-09-10 19:15:15,513 [   1359]   INFO - jps.cmdline.JpsModelLoaderImpl - Loading model: project path = C:/Users/gson/Downloads/教程配套源码/spring-cloud-microservice-in-action/test5, global options path = C:/Users/gson/.IntelliJIdea2018.2/config/options
2018-09-10 19:15:16,158 [   2004]   INFO - jps.cmdline.JpsModelLoaderImpl - Model loaded in 645 ms
2018-09-10 19:15:16,158 [   2004]   INFO - jps.cmdline.JpsModelLoaderImpl - Project has 1 modules, 0 libraries
2018-09-10 19:15:16,335 [   2181]   INFO - ellij.util.io.PagedFileStorage - lower=100; upper=500; buffer=10; max=680
2018-09-10 19:15:16,534 [   2380]   INFO - etbrains.jps.cmdline.BuildMain - Pre-loaded process ready in 2382 ms
2018-09-10 19:15:16,630 [   2476]   INFO - etbrains.jps.cmdline.BuildMain - Build canceled, but no build session is running. Exiting.
2018-09-10 19:21:23,290 [      0]   INFO - etbrains.jps.cmdline.BuildMain - ==================================================
2018-09-10 19:21:23,291 [      1]   INFO - etbrains.jps.cmdline.BuildMain - Build process started. Classpath: D:/DevOps/IDE/ideaIU-2018.1.4.win/lib/jps-launcher.jar;D:/DevOps/Lang/Java/JDK9/jdk-9.0.4/lib/tools.jar;D:/DevOps/IDE/ideaIU-2018.1.4.win/lib/optimizedFileManager.jar
2018-09-10 19:21:23,617 [    327]   INFO - til.internal.PlatformDependent - Your platform does not provide complete low-level API for accessing direct buffers reliably. Unless explicitly requested, heap buffer will always be preferred to avoid potential system instability.
2018-09-10 19:21:24,084 [    794]   INFO - etbrains.jps.cmdline.BuildMain - Connection to IDE established in 729 ms
2018-09-10 19:21:24,291 [   1001]   INFO - jps.cmdline.JpsModelLoaderImpl - Loading model: project path = D:/DevOps/IDE/IdeaProjects/test, global options path = C:/Users/gson/.IntelliJIdea2018.2/config/options
2018-09-10 19:21:25,906 [   2616]   INFO - jps.cmdline.JpsModelLoaderImpl - Model loaded in 1615 ms
2018-09-10 19:21:25,906 [   2616]   INFO - jps.cmdline.JpsModelLoaderImpl - Project has 1 modules, 0 libraries
2018-09-10 19:21:26,100 [   2810]   INFO - ellij.util.io.PagedFileStorage - lower=100; upper=500; buffer=10; max=680
2018-09-10 19:21:26,319 [   3029]   INFO - penapi.util.io.win32.IdeaWin32 - Native filesystem for Windows is operational
2018-09-10 19:21:27,217 [      0]   INFO - etbrains.jps.cmdline.BuildMain - ==================================================
2018-09-10 19:21:27,218 [      1]   INFO - etbrains.jps.cmdline.BuildMain - Build process started. Classpath: D:/DevOps/IDE/ideaIU-2018.1.4.win/lib/jps-launcher.jar;D:/DevOps/Lang/Java/JDK9/jdk-9.0.4/lib/tools.jar;D:/DevOps/IDE/ideaIU-2018.1.4.win/lib/optimizedFileManager.jar
2018-09-10 19:21:27,418 [    201]   INFO - til.internal.PlatformDependent - Your platform does not provide complete low-level API for accessing direct buffers reliably. Unless explicitly requested, heap buffer will always be preferred to avoid potential system instability.
2018-09-10 19:21:27,869 [    652]   INFO - etbrains.jps.cmdline.BuildMain - Connection to IDE established in 606 ms
2018-09-10 19:21:27,889 [    672]   INFO - penapi.util.io.win32.IdeaWin32 - Native filesystem for Windows is operational
2018-09-10 19:21:27,914 [    697]   INFO - jps.cmdline.JpsModelLoaderImpl - Loading model: project path = D:/DevOps/IDE/IdeaProjects/test, global options path = C:/Users/gson/.IntelliJIdea2018.2/config/options
2018-09-10 19:21:28,393 [   1176]   INFO - jps.cmdline.JpsModelLoaderImpl - Model loaded in 479 ms
2018-09-10 19:21:28,394 [   1177]   INFO - jps.cmdline.JpsModelLoaderImpl - Project has 1 modules, 0 libraries
2018-09-10 19:21:28,614 [   1397]   INFO - ellij.util.io.PagedFileStorage - lower=100; upper=500; buffer=10; max=680
2018-09-10 19:21:28,796 [   1579]   INFO - etbrains.jps.cmdline.BuildMain - Pre-loaded process ready in 1581 ms
2018-09-10 19:22:02,198 [  34981]   INFO - etbrains.jps.cmdline.BuildMain - Build canceled, but no build session is running. Exiting.
2018-09-10 19:23:17,522 [      0]   INFO - etbrains.jps.cmdline.BuildMain - ==================================================
2018-09-10 19:23:17,523 [      1]   INFO - etbrains.jps.cmdline.BuildMain - Build process started. Classpath: D:/DevOps/IDE/ideaIU-2018.1.4.win/lib/jps-launcher.jar;D:/DevOps/Lang/Java/JDK9/jdk-9.0.4/lib/tools.jar;D:/DevOps/IDE/ideaIU-2018.1.4.win/lib/optimizedFileManager.jar
2018-09-10 19:23:17,895 [    373]   INFO - til.internal.PlatformDependent - Your platform does not provide complete low-level API for accessing direct buffers reliably. Unless explicitly requested, heap buffer will always be preferred to avoid potential system instability.
2018-09-10 19:23:18,744 [   1222]   INFO - etbrains.jps.cmdline.BuildMain - Connection to IDE established in 1148 ms
2018-09-10 19:23:19,538 [   2016]   INFO - jps.cmdline.JpsModelLoaderImpl - Loading model: project path = D:/DevOps/IDE/IdeaProjects/test, global options path = C:/Users/gson/.IntelliJIdea2018.2/config/options
2018-09-10 19:23:24,143 [   6621]   INFO - jps.cmdline.JpsModelLoaderImpl - Model loaded in 4605 ms
2018-09-10 19:23:24,143 [   6621]   INFO - jps.cmdline.JpsModelLoaderImpl - Project has 1 modules, 0 libraries
2018-09-10 19:23:25,149 [   7627]   INFO - ellij.util.io.PagedFileStorage - lower=100; upper=500; buffer=10; max=680
2018-09-10 19:23:26,834 [   9312]   INFO - penapi.util.io.win32.IdeaWin32 - Native filesystem for Windows is operational
2018-09-10 19:23:30,095 [      0]   INFO - etbrains.jps.cmdline.BuildMain - ==================================================
2018-09-10 19:23:30,096 [      1]   INFO - etbrains.jps.cmdline.BuildMain - Build process started. Classpath: D:/DevOps/IDE/ideaIU-2018.1.4.win/lib/jps-launcher.jar;D:/DevOps/Lang/Java/JDK9/jdk-9.0.4/lib/tools.jar;D:/DevOps/IDE/ideaIU-2018.1.4.win/lib/optimizedFileManager.jar
2018-09-10 19:23:30,368 [    273]   INFO - til.internal.PlatformDependent - Your platform does not provide complete low-level API for accessing direct buffers reliably. Unless explicitly requested, heap buffer will always be preferred to avoid potential system instability.
2018-09-10 19:23:32,203 [   2108]   INFO - etbrains.jps.cmdline.BuildMain - Connection to IDE established in 2064 ms
2018-09-10 19:23:32,239 [   2144]   INFO - penapi.util.io.win32.IdeaWin32 - Native filesystem for Windows is operational
2018-09-10 19:23:32,726 [   2631]   INFO - jps.cmdline.JpsModelLoaderImpl - Loading model: project path = D:/DevOps/IDE/IdeaProjects/test, global options path = C:/Users/gson/.IntelliJIdea2018.2/config/options
2018-09-10 19:23:38,492 [   8397]   INFO - jps.cmdline.JpsModelLoaderImpl - Model loaded in 5766 ms
2018-09-10 19:23:38,492 [   8397]   INFO - jps.cmdline.JpsModelLoaderImpl - Project has 1 modules, 0 libraries
2018-09-10 19:23:39,789 [   9694]   INFO - ellij.util.io.PagedFileStorage - lower=100; upper=500; buffer=10; max=680
2018-09-10 19:23:40,094 [   9999]   INFO - etbrains.jps.cmdline.BuildMain - Pre-loaded process ready in 10001 ms
2018-09-10 19:23:44,123 [  14028]   INFO - etbrains.jps.cmdline.BuildMain - Build canceled, but no build session is running. Exiting.
2018-09-10 19:26:22,328 [      0]   INFO - etbrains.jps.cmdline.BuildMain - ==================================================
2018-09-10 19:26:22,329 [      1]   INFO - etbrains.jps.cmdline.BuildMain - Build process started. Classpath: D:/DevOps/IDE/ideaIU-2018.1.4.win/lib/jps-launcher.jar;D:/DevOps/Lang/Java/JDK9/jdk-9.0.4/lib/tools.jar;D:/DevOps/IDE/ideaIU-2018.1.4.win/lib/optimizedFileManager.jar
2018-09-10 19:26:22,802 [    474]   INFO - til.internal.PlatformDependent - Your platform does not provide complete low-level API for accessing direct buffers reliably. Unless explicitly requested, heap buffer will always be preferred to avoid potential system instability.
2018-09-10 19:26:26,454 [   4126]   INFO - etbrains.jps.cmdline.BuildMain - Connection to IDE established in 4030 ms
2018-09-10 19:26:26,686 [   4358]   INFO - jps.cmdline.JpsModelLoaderImpl - Loading model: project path = D:/DevOps/IDE/IdeaProjects/test, global options path = C:/Users/gson/.IntelliJIdea2018.2/config/options
2018-09-10 19:26:27,341 [   5013]   INFO - jps.cmdline.JpsModelLoaderImpl - Model loaded in 655 ms
2018-09-10 19:26:27,342 [   5014]   INFO - jps.cmdline.JpsModelLoaderImpl - Project has 1 modules, 0 libraries
2018-09-10 19:26:27,526 [   5198]   INFO - ellij.util.io.PagedFileStorage - lower=100; upper=500; buffer=10; max=680
2018-09-10 19:26:27,697 [   5369]   INFO - penapi.util.io.win32.IdeaWin32 - Native filesystem for Windows is operational
2018-09-10 19:26:28,893 [      0]   INFO - etbrains.jps.cmdline.BuildMain - ==================================================
2018-09-10 19:26:28,894 [      1]   INFO - etbrains.jps.cmdline.BuildMain - Build process started. Classpath: D:/DevOps/IDE/ideaIU-2018.1.4.win/lib/jps-launcher.jar;D:/DevOps/Lang/Java/JDK9/jdk-9.0.4/lib/tools.jar;D:/DevOps/IDE/ideaIU-2018.1.4.win/lib/optimizedFileManager.jar
2018-09-10 19:26:29,171 [    278]   INFO - til.internal.PlatformDependent - Your platform does not provide complete low-level API for accessing direct buffers reliably. Unless explicitly requested, heap buffer will always be preferred to avoid potential system instability.
2018-09-10 19:26:29,651 [    758]   INFO - etbrains.jps.cmdline.BuildMain - Connection to IDE established in 713 ms
2018-09-10 19:26:29,667 [    774]   INFO - penapi.util.io.win32.IdeaWin32 - Native filesystem for Windows is operational
2018-09-10 19:26:29,694 [    801]   INFO - jps.cmdline.JpsModelLoaderImpl - Loading model: project path = D:/DevOps/IDE/IdeaProjects/test, global options path = C:/Users/gson/.IntelliJIdea2018.2/config/options
2018-09-10 19:26:30,339 [   1446]   INFO - jps.cmdline.JpsModelLoaderImpl - Model loaded in 645 ms
2018-09-10 19:26:30,339 [   1446]   INFO - jps.cmdline.JpsModelLoaderImpl - Project has 1 modules, 0 libraries
2018-09-10 19:26:30,495 [   1602]   INFO - ellij.util.io.PagedFileStorage - lower=100; upper=500; buffer=10; max=680
2018-09-10 19:26:30,685 [   1792]   INFO - etbrains.jps.cmdline.BuildMain - Pre-loaded process ready in 1793 ms
2018-09-10 20:22:38,961 [3370068]   INFO - etbrains.jps.cmdline.BuildMain - Build canceled, but no build session is running. Exiting.
2018-09-11 03:59:28,430 [      0]   INFO - etbrains.jps.cmdline.BuildMain - ==================================================
2018-09-11 03:59:28,439 [      9]   INFO - etbrains.jps.cmdline.BuildMain - Build process started. Classpath: D:/DevOps/IDE/ideaIU-2018.1.4.win/lib/jps-launcher.jar;D:/DevOps/Lang/Java/JDK9/jdk-9.0.4/lib/tools.jar;D:/DevOps/IDE/ideaIU-2018.1.4.win/lib/optimizedFileManager.jar
2018-09-11 03:59:28,954 [    524]   INFO - til.internal.PlatformDependent - Your platform does not provide complete low-level API for accessing direct buffers reliably. Unless explicitly requested, heap buffer will always be preferred to avoid potential system instability.
2018-09-11 03:59:29,626 [   1196]   INFO - etbrains.jps.cmdline.BuildMain - Connection to IDE established in 1061 ms
2018-09-11 03:59:29,997 [   1567]   INFO - jps.cmdline.JpsModelLoaderImpl - Loading model: project path = D:/DevOps/IDE/IdeaProjects/test, global options path = C:/Users/gson/.IntelliJIdea2018.2/config/options
2018-09-11 03:59:31,042 [   2612]   INFO - jps.cmdline.JpsModelLoaderImpl - Model loaded in 1045 ms
2018-09-11 03:59:31,043 [   2613]   INFO - jps.cmdline.JpsModelLoaderImpl - Project has 1 modules, 1 libraries
2018-09-11 03:59:31,400 [   2970]   INFO - ellij.util.io.PagedFileStorage - lower=100; upper=500; buffer=10; max=680
2018-09-11 03:59:35,222 [      0]   INFO - etbrains.jps.cmdline.BuildMain - ==================================================
2018-09-11 03:59:35,223 [      1]   INFO - etbrains.jps.cmdline.BuildMain - Build process started. Classpath: D:/DevOps/IDE/ideaIU-2018.1.4.win/lib/jps-launcher.jar;D:/DevOps/Lang/Java/JDK9/jdk-9.0.4/lib/tools.jar;D:/DevOps/IDE/ideaIU-2018.1.4.win/lib/optimizedFileManager.jar
2018-09-11 03:59:35,442 [    220]   INFO - til.internal.PlatformDependent - Your platform does not provide complete low-level API for accessing direct buffers reliably. Unless explicitly requested, heap buffer will always be preferred to avoid potential system instability.
2018-09-11 03:59:36,225 [   1003]   INFO - etbrains.jps.cmdline.BuildMain - Connection to IDE established in 947 ms
2018-09-11 03:59:36,251 [   1029]   INFO - penapi.util.io.win32.IdeaWin32 - Native filesystem for Windows is operational
2018-09-11 03:59:36,295 [   1073]   INFO - jps.cmdline.JpsModelLoaderImpl - Loading model: project path = D:/DevOps/IDE/IdeaProjects/test, global options path = C:/Users/gson/.IntelliJIdea2018.2/config/options
2018-09-11 03:59:37,398 [   2176]   INFO - jps.cmdline.JpsModelLoaderImpl - Model loaded in 1103 ms
2018-09-11 03:59:37,399 [   2177]   INFO - jps.cmdline.JpsModelLoaderImpl - Project has 1 modules, 1 libraries
2018-09-11 03:59:37,639 [   2417]   INFO - ellij.util.io.PagedFileStorage - lower=100; upper=500; buffer=10; max=680
2018-09-11 03:59:37,950 [   2728]   INFO - etbrains.jps.cmdline.BuildMain - Pre-loaded process ready in 2732 ms
2018-09-12 03:13:24,056 [83628834]   INFO - etbrains.jps.cmdline.BuildMain - Build canceled, but no build session is running. Exiting.
2018-09-12 04:54:06,504 [      1]   INFO - etbrains.jps.cmdline.BuildMain - ==================================================
2018-09-12 04:54:06,504 [      1]   INFO - etbrains.jps.cmdline.BuildMain - Build process started. Classpath: D:/DevOps/IDE/ideaIU-2018.1.4.win/lib/jps-launcher.jar;D:/DevOps/Lang/Java/JDK9/jdk-9.0.4/lib/tools.jar;D:/DevOps/IDE/ideaIU-2018.1.4.win/lib/optimizedFileManager.jar
2018-09-12 04:54:07,045 [    542]   INFO - til.internal.PlatformDependent - Your platform does not provide complete low-level API for accessing direct buffers reliably. Unless explicitly requested, heap buffer will always be preferred to avoid potential system instability.
2018-09-12 04:54:08,419 [   1916]   INFO - etbrains.jps.cmdline.BuildMain - Connection to IDE established in 1856 ms
2018-09-12 04:54:12,149 [   5646]   INFO - jps.cmdline.JpsModelLoaderImpl - Loading model: project path = D:/DevOps/IDE/IdeaProjects/test, global options path = C:/Users/gson/.IntelliJIdea2018.2/config/options
2018-09-12 04:54:14,301 [   7798]   INFO - jps.cmdline.JpsModelLoaderImpl - Model loaded in 2152 ms
2018-09-12 04:54:14,301 [   7798]   INFO - jps.cmdline.JpsModelLoaderImpl - Project has 1 modules, 1 libraries
2018-09-12 04:54:14,549 [   8046]   INFO - ellij.util.io.PagedFileStorage - lower=100; upper=500; buffer=10; max=680
2018-09-12 04:54:16,026 [      0]   INFO - etbrains.jps.cmdline.BuildMain - ==================================================
2018-09-12 04:54:16,027 [      1]   INFO - etbrains.jps.cmdline.BuildMain - Build process started. Classpath: D:/DevOps/IDE/ideaIU-2018.1.4.win/lib/jps-launcher.jar;D:/DevOps/Lang/Java/JDK9/jdk-9.0.4/lib/tools.jar;D:/DevOps/IDE/ideaIU-2018.1.4.win/lib/optimizedFileManager.jar
2018-09-12 04:54:16,234 [    208]   INFO - til.internal.PlatformDependent - Your platform does not provide complete low-level API for accessing direct buffers reliably. Unless explicitly requested, heap buffer will always be preferred to avoid potential system instability.
2018-09-12 04:54:17,259 [   1233]   INFO - etbrains.jps.cmdline.BuildMain - Connection to IDE established in 1195 ms
2018-09-12 04:54:17,393 [   1367]   INFO - penapi.util.io.win32.IdeaWin32 - Native filesystem for Windows is operational
2018-09-12 04:54:17,460 [   1434]   INFO - jps.cmdline.JpsModelLoaderImpl - Loading model: project path = D:/DevOps/IDE/IdeaProjects/test, global options path = C:/Users/gson/.IntelliJIdea2018.2/config/options
2018-09-12 04:54:19,092 [   3066]   INFO - jps.cmdline.JpsModelLoaderImpl - Model loaded in 1632 ms
2018-09-12 04:54:19,093 [   3067]   INFO - jps.cmdline.JpsModelLoaderImpl - Project has 1 modules, 1 libraries
2018-09-12 04:54:19,642 [   3616]   INFO - ellij.util.io.PagedFileStorage - lower=100; upper=500; buffer=10; max=680
2018-09-12 04:54:20,167 [   4141]   INFO - etbrains.jps.cmdline.BuildMain - Pre-loaded process ready in 4144 ms
2018-09-12 04:55:19,173 [  63147]   INFO - etbrains.jps.cmdline.BuildMain - Build canceled, but no build session is running. Exiting.
2018-09-13 00:55:05,342 [      0]   INFO - etbrains.jps.cmdline.BuildMain - ==================================================
2018-09-13 00:55:05,350 [      8]   INFO - etbrains.jps.cmdline.BuildMain - Build process started. Classpath: D:/DevOps/IDE/ideaIU-2018.1.4.win/lib/jps-launcher.jar;D:/DevOps/Lang/Java/JDK9/jdk-9.0.4/lib/tools.jar;D:/DevOps/IDE/ideaIU-2018.1.4.win/lib/optimizedFileManager.jar
2018-09-13 00:55:06,931 [   1589]   INFO - til.internal.PlatformDependent - Your platform does not provide complete low-level API for accessing direct buffers reliably. Unless explicitly requested, heap buffer will always be preferred to avoid potential system instability.
2018-09-13 00:55:09,775 [   4433]   INFO - etbrains.jps.cmdline.BuildMain - Connection to IDE established in 4228 ms
2018-09-13 00:55:11,272 [   5930]   INFO - jps.cmdline.JpsModelLoaderImpl - Loading model: project path = D:/DevOps/IDE/IdeaProjects/test, global options path = C:/Users/gson/.IntelliJIdea2018.2/config/options
2018-09-13 00:55:15,132 [   9790]   INFO - jps.cmdline.JpsModelLoaderImpl - Model loaded in 3860 ms
2018-09-13 00:55:15,132 [   9790]   INFO - jps.cmdline.JpsModelLoaderImpl - Project has 1 modules, 1 libraries
2018-09-13 00:55:15,791 [  10449]   INFO - ellij.util.io.PagedFileStorage - lower=100; upper=500; buffer=10; max=680
2018-09-13 00:55:18,880 [      0]   INFO - etbrains.jps.cmdline.BuildMain - ==================================================
2018-09-13 00:55:18,881 [      1]   INFO - etbrains.jps.cmdline.BuildMain - Build process started. Classpath: D:/DevOps/IDE/ideaIU-2018.1.4.win/lib/jps-launcher.jar;D:/DevOps/Lang/Java/JDK9/jdk-9.0.4/lib/tools.jar;D:/DevOps/IDE/ideaIU-2018.1.4.win/lib/optimizedFileManager.jar
2018-09-13 00:55:19,661 [    781]   INFO - til.internal.PlatformDependent - Your platform does not provide complete low-level API for accessing direct buffers reliably. Unless explicitly requested, heap buffer will always be preferred to avoid potential system instability.
2018-09-13 00:55:21,000 [   2120]   INFO - etbrains.jps.cmdline.BuildMain - Connection to IDE established in 1976 ms
2018-09-13 00:55:21,062 [   2182]   INFO - penapi.util.io.win32.IdeaWin32 - Native filesystem for Windows is operational
2018-09-13 00:55:21,102 [   2222]   INFO - jps.cmdline.JpsModelLoaderImpl - Loading model: project path = D:/DevOps/IDE/IdeaProjects/test, global options path = C:/Users/gson/.IntelliJIdea2018.2/config/options
2018-09-13 00:55:22,582 [   3702]   INFO - jps.cmdline.JpsModelLoaderImpl - Model loaded in 1480 ms
2018-09-13 00:55:22,582 [   3702]   INFO - jps.cmdline.JpsModelLoaderImpl - Project has 1 modules, 1 libraries
2018-09-13 00:55:23,067 [   4187]   INFO - ellij.util.io.PagedFileStorage - lower=100; upper=500; buffer=10; max=680
2018-09-13 00:55:23,597 [   4717]   INFO - etbrains.jps.cmdline.BuildMain - Pre-loaded process ready in 4719 ms
2018-09-13 01:10:14,877 [ 895997]   INFO - etbrains.jps.cmdline.BuildMain - Build canceled, but no build session is running. Exiting.
2018-09-13 01:17:18,521 [      0]   INFO - etbrains.jps.cmdline.BuildMain - ==================================================
2018-09-13 01:17:18,521 [      0]   INFO - etbrains.jps.cmdline.BuildMain - Build process started. Classpath: D:/DevOps/IDE/ideaIU-2018.1.4.win/lib/jps-launcher.jar;D:/DevOps/Lang/Java/JDK9/jdk-9.0.4/lib/tools.jar;D:/DevOps/IDE/ideaIU-2018.1.4.win/lib/optimizedFileManager.jar
2018-09-13 01:17:18,714 [    193]   INFO - til.internal.PlatformDependent - Your platform does not provide complete low-level API for accessing direct buffers reliably. Unless explicitly requested, heap buffer will always be preferred to avoid potential system instability.
2018-09-13 01:17:19,148 [    627]   INFO - etbrains.jps.cmdline.BuildMain - Connection to IDE established in 574 ms
2018-09-13 01:17:19,343 [    822]   INFO - jps.cmdline.JpsModelLoaderImpl - Loading model: project path = D:/DevOps/IDE/IdeaProjects/test, global options path = C:/Users/gson/.IntelliJIdea2018.2/config/options
2018-09-13 01:17:20,170 [   1649]   INFO - jps.cmdline.JpsModelLoaderImpl - Model loaded in 827 ms
2018-09-13 01:17:20,171 [   1650]   INFO - jps.cmdline.JpsModelLoaderImpl - Project has 2 modules, 56 libraries
2018-09-13 01:17:20,368 [   1847]   INFO - ellij.util.io.PagedFileStorage - lower=100; upper=500; buffer=10; max=680
2018-09-13 01:17:20,544 [   2023]   INFO - .incremental.IncProjectBuilder - Building project; isRebuild:false; isMake:true parallel compilation:false
2018-09-13 01:17:20,561 [   2040]   INFO - kotlin.jps.build.KotlinBuilder - is Kotlin incremental compilation enabled: true
2018-09-13 01:17:20,574 [   2053]   INFO - kotlin.jps.build.KotlinBuilder - is Kotlin compiler daemon enabled: true
2018-09-13 01:17:20,574 [   2053]   INFO - kotlin.jps.build.KotlinBuilder - Label in local history: build started 7d2a6bc4
2018-09-13 01:17:20,708 [   2187]   INFO - .incremental.IncProjectBuilder - Cleaned output directories in 8 ms
2018-09-13 01:17:20,936 [   2415]   INFO - penapi.util.io.win32.IdeaWin32 - Native filesystem for Windows is operational
2018-09-13 01:17:21,116 [   2595]   INFO - s.incremental.java.JavaBuilder - Compiling 1 java files; module: demo
2018-09-13 01:17:23,063 [   4542]   INFO - brains.jps.incremental.Builder - Dependency analysis found 0 affected files
2018-09-13 01:17:23,201 [   4680]   INFO - s.incremental.java.JavaBuilder - Compiling 1 java files; module: demo (tests)
2018-09-13 01:17:23,802 [   5281]   INFO - brains.jps.incremental.Builder - Dependency analysis found 0 affected files
2018-09-13 01:17:23,860 [   5339]   INFO - rains.jps.cmdline.BuildSession - Build duration: 'Kotlin Builder' builder took 100 ms, 0 sources processed
2018-09-13 01:17:23,860 [   5339]   INFO - rains.jps.cmdline.BuildSession - Build duration: 'java' builder took 2484 ms, 2 sources processed (1242ms per file)
2018-09-13 01:17:23,860 [   5339]   INFO - rains.jps.cmdline.BuildSession - Build duration: 'Maven Resources Compiler' builder took 31 ms, 1 sources processed (31ms per file)
2018-09-13 01:17:23,867 [   5346]   INFO - s.incremental.java.JavaBuilder - javac 9.0.4 was used to compile [demo]
2018-09-13 01:17:26,167 [      0]   INFO - etbrains.jps.cmdline.BuildMain - ==================================================
2018-09-13 01:17:26,169 [      2]   INFO - etbrains.jps.cmdline.BuildMain - Build process started. Classpath: D:/DevOps/IDE/ideaIU-2018.1.4.win/lib/jps-launcher.jar;D:/DevOps/Lang/Java/JDK9/jdk-9.0.4/lib/tools.jar;D:/DevOps/IDE/ideaIU-2018.1.4.win/lib/optimizedFileManager.jar
2018-09-13 01:17:26,590 [    423]   INFO - til.internal.PlatformDependent - Your platform does not provide complete low-level API for accessing direct buffers reliably. Unless explicitly requested, heap buffer will always be preferred to avoid potential system instability.
2018-09-13 01:17:29,521 [   3354]   INFO - etbrains.jps.cmdline.BuildMain - Connection to IDE established in 3291 ms
2018-09-13 01:17:29,603 [   3436]   INFO - penapi.util.io.win32.IdeaWin32 - Native filesystem for Windows is operational
2018-09-13 01:17:30,000 [   3833]   INFO - jps.cmdline.JpsModelLoaderImpl - Loading model: project path = D:/DevOps/IDE/IdeaProjects/test, global options path = C:/Users/gson/.IntelliJIdea2018.2/config/options
2018-09-13 01:17:31,066 [   4899]   INFO - jps.cmdline.JpsModelLoaderImpl - Model loaded in 1066 ms
2018-09-13 01:17:31,067 [   4900]   INFO - jps.cmdline.JpsModelLoaderImpl - Project has 2 modules, 56 libraries
2018-09-13 01:17:31,362 [   5195]   INFO - ellij.util.io.PagedFileStorage - lower=100; upper=500; buffer=10; max=680
2018-09-13 01:17:31,690 [   5523]   INFO - etbrains.jps.cmdline.BuildMain - Pre-loaded process ready in 5526 ms
2018-09-13 01:17:31,946 [   5779]   INFO - etbrains.jps.cmdline.BuildMain - Build canceled, but no build session is running. Exiting.
2018-09-13 01:31:58,080 [      1]   INFO - etbrains.jps.cmdline.BuildMain - ==================================================
2018-09-13 01:31:58,081 [      2]   INFO - etbrains.jps.cmdline.BuildMain - Build process started. Classpath: D:/DevOps/IDE/ideaIU-2018.1.4.win/lib/jps-launcher.jar;D:/DevOps/Lang/Java/JDK9/jdk-9.0.4/lib/tools.jar;D:/DevOps/IDE/ideaIU-2018.1.4.win/lib/optimizedFileManager.jar
2018-09-13 01:31:58,306 [    227]   INFO - til.internal.PlatformDependent - Your platform does not provide complete low-level API for accessing direct buffers reliably. Unless explicitly requested, heap buffer will always be preferred to avoid potential system instability.
2018-09-13 01:31:58,891 [    812]   INFO - etbrains.jps.cmdline.BuildMain - Connection to IDE established in 764 ms
2018-09-13 01:31:59,165 [   1086]   INFO - jps.cmdline.JpsModelLoaderImpl - Loading model: project path = D:/DevOps/IDE/IdeaProjects/test, global options path = C:/Users/gson/.IntelliJIdea2018.2/config/options
2018-09-13 01:31:59,837 [   1758]   INFO - jps.cmdline.JpsModelLoaderImpl - Model loaded in 672 ms
2018-09-13 01:31:59,838 [   1759]   INFO - jps.cmdline.JpsModelLoaderImpl - Project has 1 modules, 1 libraries
2018-09-13 01:32:00,090 [   2011]   INFO - ellij.util.io.PagedFileStorage - lower=100; upper=500; buffer=10; max=680
2018-09-13 01:32:01,124 [      0]   INFO - etbrains.jps.cmdline.BuildMain - ==================================================
2018-09-13 01:32:01,125 [      1]   INFO - etbrains.jps.cmdline.BuildMain - Build process started. Classpath: D:/DevOps/IDE/ideaIU-2018.1.4.win/lib/jps-launcher.jar;D:/DevOps/Lang/Java/JDK9/jdk-9.0.4/lib/tools.jar;D:/DevOps/IDE/ideaIU-2018.1.4.win/lib/optimizedFileManager.jar
2018-09-13 01:32:01,293 [    169]   INFO - til.internal.PlatformDependent - Your platform does not provide complete low-level API for accessing direct buffers reliably. Unless explicitly requested, heap buffer will always be preferred to avoid potential system instability.
2018-09-13 01:32:01,923 [    799]   INFO - etbrains.jps.cmdline.BuildMain - Connection to IDE established in 756 ms
2018-09-13 01:32:01,940 [    816]   INFO - penapi.util.io.win32.IdeaWin32 - Native filesystem for Windows is operational
2018-09-13 01:32:01,967 [    843]   INFO - jps.cmdline.JpsModelLoaderImpl - Loading model: project path = D:/DevOps/IDE/IdeaProjects/test, global options path = C:/Users/gson/.IntelliJIdea2018.2/config/options
2018-09-13 01:32:02,488 [   1364]   INFO - jps.cmdline.JpsModelLoaderImpl - Model loaded in 521 ms
2018-09-13 01:32:02,489 [   1365]   INFO - jps.cmdline.JpsModelLoaderImpl - Project has 1 modules, 1 libraries
2018-09-13 01:32:02,767 [   1643]   INFO - ellij.util.io.PagedFileStorage - lower=100; upper=500; buffer=10; max=680
2018-09-13 01:32:02,975 [   1851]   INFO - etbrains.jps.cmdline.BuildMain - Pre-loaded process ready in 1854 ms
2018-09-13 01:32:03,264 [   2140]   INFO - etbrains.jps.cmdline.BuildMain - Build canceled, but no build session is running. Exiting.
2018-09-13 01:32:25,651 [      0]   INFO - etbrains.jps.cmdline.BuildMain - ==================================================
2018-09-13 01:32:25,652 [      1]   INFO - etbrains.jps.cmdline.BuildMain - Build process started. Classpath: D:/DevOps/IDE/ideaIU-2018.1.4.win/lib/jps-launcher.jar;D:/DevOps/Lang/Java/JDK9/jdk-9.0.4/lib/tools.jar;D:/DevOps/IDE/ideaIU-2018.1.4.win/lib/optimizedFileManager.jar
2018-09-13 01:32:25,912 [    261]   INFO - til.internal.PlatformDependent - Your platform does not provide complete low-level API for accessing direct buffers reliably. Unless explicitly requested, heap buffer will always be preferred to avoid potential system instability.
2018-09-13 01:32:26,441 [    790]   INFO - etbrains.jps.cmdline.BuildMain - Connection to IDE established in 738 ms
2018-09-13 01:32:26,677 [   1026]   INFO - jps.cmdline.JpsModelLoaderImpl - Loading model: project path = D:/DevOps/IDE/IdeaProjects/test, global options path = C:/Users/gson/.IntelliJIdea2018.2/config/options
2018-09-13 01:32:27,578 [   1927]   INFO - jps.cmdline.JpsModelLoaderImpl - Model loaded in 900 ms
2018-09-13 01:32:27,578 [   1927]   INFO - jps.cmdline.JpsModelLoaderImpl - Project has 1 modules, 1 libraries
2018-09-13 01:32:27,847 [   2196]   INFO - ellij.util.io.PagedFileStorage - lower=100; upper=500; buffer=10; max=680
2018-09-13 01:32:28,808 [      0]   INFO - etbrains.jps.cmdline.BuildMain - ==================================================
2018-09-13 01:32:28,809 [      1]   INFO - etbrains.jps.cmdline.BuildMain - Build process started. Classpath: D:/DevOps/IDE/ideaIU-2018.1.4.win/lib/jps-launcher.jar;D:/DevOps/Lang/Java/JDK9/jdk-9.0.4/lib/tools.jar;D:/DevOps/IDE/ideaIU-2018.1.4.win/lib/optimizedFileManager.jar
2018-09-13 01:32:29,008 [    200]   INFO - til.internal.PlatformDependent - Your platform does not provide complete low-level API for accessing direct buffers reliably. Unless explicitly requested, heap buffer will always be preferred to avoid potential system instability.
2018-09-13 01:32:29,693 [    885]   INFO - etbrains.jps.cmdline.BuildMain - Connection to IDE established in 837 ms
2018-09-13 01:32:29,740 [    932]   INFO - penapi.util.io.win32.IdeaWin32 - Native filesystem for Windows is operational
2018-09-13 01:32:29,814 [   1006]   INFO - jps.cmdline.JpsModelLoaderImpl - Loading model: project path = D:/DevOps/IDE/IdeaProjects/test, global options path = C:/Users/gson/.IntelliJIdea2018.2/config/options
2018-09-13 01:32:30,713 [   1905]   INFO - jps.cmdline.JpsModelLoaderImpl - Model loaded in 899 ms
2018-09-13 01:32:30,714 [   1906]   INFO - jps.cmdline.JpsModelLoaderImpl - Project has 1 modules, 1 libraries
2018-09-13 01:32:31,025 [   2217]   INFO - ellij.util.io.PagedFileStorage - lower=100; upper=500; buffer=10; max=680
2018-09-13 01:32:31,193 [   2385]   INFO - etbrains.jps.cmdline.BuildMain - Pre-loaded process ready in 2387 ms
2018-09-13 01:33:12,281 [  43473]   INFO - etbrains.jps.cmdline.BuildMain - Build canceled, but no build session is running. Exiting.
